#
# There is insufficient memory for the Java Runtime Environment to continue.
# Native memory allocation (mmap) failed to map 52428800 bytes for Failed to commit area from 0x000000074ce00000 to 0x0000000750000000 of length 52428800.
# Possible reasons:
#   The system is out of physical RAM or swap space
#   The process is running with CompressedOops enabled, and the Java Heap may be blocking the growth of the native heap
# Possible solutions:
#   Reduce memory load on the system
#   Increase physical memory or swap space
#   Check if swap backing store is full
#   Decrease Java heap size (-Xmx/-Xms)
#   Decrease number of Java threads
#   Decrease Java thread stack sizes (-Xss)
#   Set larger code cache with -XX:ReservedCodeCacheSize=
#   JVM is running with Zero Based Compressed Oops mode in which the Java heap is
#     placed in the first 32GB address space. The Java Heap base address is the
#     maximum limit for the native heap growth. Please use -XX:HeapBaseMinAddress
#     to set the Java Heap base and to place the Java Heap above 32GB virtual address.
# This output file may be truncated or incomplete.
#
#  Out of Memory Error (./open/src/hotspot/os/windows/os_windows.cpp:3275), pid=382180, tid=385584
#
# JRE version: Java(TM) SE Runtime Environment 18.9 (11.0.9+7) (build 11.0.9+7-LTS)
# Java VM: Java HotSpot(TM) 64-Bit Server VM 18.9 (11.0.9+7-LTS, mixed mode, tiered, compressed oops, g1 gc, windows-amd64)
# No core dump will be written. Minidumps are not enabled by default on client versions of Windows
#

---------------  S U M M A R Y ------------

Command Line: -Dmaven.home=EMBEDDED -Dclassworlds.conf=D:\Working\Sources\phoenixrs\.metadata\.plugins\org.eclipse.m2e.launching\launches\m2conf12440047039251847463.tmp -Dmaven.multiModuleProjectDirectory=D:\Working\Sources\phoenixrs\api -Dfile.encoding=Cp1252 org.codehaus.plexus.classworlds.launcher.Launcher -B -U -Dmaven.test.skip=true -DskipTests clean install -Ptest

Host: Intel(R) Core(TM) i7-4790 CPU @ 3.60GHz, 8 cores, 11G,  Windows 10 , 64 bit Build 19041 (10.0.19041.662)
Time: Fri Feb  5 02:18:07 2021 Pacific Standard Time elapsed time: 8.526054 seconds (0d 0h 0m 8s)

---------------  T H R E A D  ---------------

Current thread (0x0000022a0273e000):  VMThread "VM Thread" [stack: 0x0000007aea800000,0x0000007aea900000] [id=385584]

Stack: [0x0000007aea800000,0x0000007aea900000]
[error occurred during error reporting (printing stack bounds), id 0xc0000005, EXCEPTION_ACCESS_VIOLATION (0xc0000005) at pc=0x0000022a68ef0dad]

Native frames: (J=compiled Java code, j=interpreted, Vv=VM code, C=native code)
V  [jvm.dll+0x611a3a]
V  [jvm.dll+0x748aaf]
V  [jvm.dll+0x74a135]
V  [jvm.dll+0x74a715]
V  [jvm.dll+0x74a6cb]
V  [jvm.dll+0x611323]
V  [jvm.dll+0x6116e8]
C  [ntdll.dll+0xa130f]
C  [ntdll.dll+0x4b5e4]
C  [ntdll.dll+0x9fe3e]
C  0x0000022a68ef0dad

VM_Operation (0x0000007aea2fb370): G1CollectForAllocation, mode: safepoint, requested by thread 0x0000022a5f295000


---------------  P R O C E S S  ---------------

Threads class SMR info:
_java_thread_list=0x0000022a03132330, length=10, elements={
0x0000022a5f295000, 0x0000022a02740800, 0x0000022a02742000, 0x0000022a02745800,
0x0000022a02747000, 0x0000022a02749000, 0x0000022a02f8d000, 0x0000022a02f8e800,
0x0000022a03143800, 0x0000022a03149800
}

Java Threads: ( => current thread )
  0x0000022a5f295000 JavaThread "main" [_thread_blocked, id=384444, stack(0x0000007aea200000,0x0000007aea300000)]
  0x0000022a02740800 JavaThread "Reference Handler" daemon [_thread_blocked, id=385440, stack(0x0000007aea900000,0x0000007aeaa00000)]
  0x0000022a02742000 JavaThread "Finalizer" daemon [_thread_blocked, id=384324, stack(0x0000007aeaa00000,0x0000007aeab00000)]
  0x0000022a02745800 JavaThread "Signal Dispatcher" daemon [_thread_blocked, id=385284, stack(0x0000007aeab00000,0x0000007aeac00000)]
  0x0000022a02747000 JavaThread "Attach Listener" daemon [_thread_blocked, id=385968, stack(0x0000007aeac00000,0x0000007aead00000)]
  0x0000022a02749000 JavaThread "C2 CompilerThread0" daemon [_thread_blocked, id=382828, stack(0x0000007aead00000,0x0000007aeae00000)]
  0x0000022a02f8d000 JavaThread "C1 CompilerThread0" daemon [_thread_blocked, id=384912, stack(0x0000007aeae00000,0x0000007aeaf00000)]
  0x0000022a02f8e800 JavaThread "Sweeper thread" daemon [_thread_blocked, id=383620, stack(0x0000007aeaf00000,0x0000007aeb000000)]
  0x0000022a03143800 JavaThread "Service Thread" daemon [_thread_blocked, id=381488, stack(0x0000007aeb000000,0x0000007aeb100000)]
  0x0000022a03149800 JavaThread "Common-Cleaner" daemon [_thread_blocked, id=385840, stack(0x0000007aeb200000,0x0000007aeb300000)]

Other Threads:
=>0x0000022a0273e000 VMThread "VM Thread" [stack: 0x0000007aea800000,0x0000007aea900000] [id=385584]
  0x0000022a03148800 WatcherThread [stack: 0x0000007aeb100000,0x0000007aeb200000] [id=384328]
  0x0000022a5f2aa000 GCTaskThread "GC Thread#0" [stack: 0x0000007aea300000,0x0000007aea400000] [id=352912]
  0x0000022a04389800 GCTaskThread "GC Thread#1" [stack: 0x0000007aeb300000,0x0000007aeb400000] [id=356844]
  0x0000022a03bc5800 GCTaskThread "GC Thread#2" [stack: 0x0000007aeb400000,0x0000007aeb500000] [id=385948]
  0x0000022a03bba800 GCTaskThread "GC Thread#3" [stack: 0x0000007aeb500000,0x0000007aeb600000] [id=385552]
  0x0000022a5f2f3000 ConcurrentGCThread "G1 Main Marker" [stack: 0x0000007aea400000,0x0000007aea500000] [id=386016]
  0x0000022a5f2f5000 ConcurrentGCThread "G1 Conc#0" [stack: 0x0000007aea500000,0x0000007aea600000] [id=385812]
  0x0000022a04365000 ConcurrentGCThread "G1 Conc#1" [stack: 0x0000007aeb600000,0x0000007aeb700000] [id=385080]
  0x0000022a5f37e800 ConcurrentGCThread "G1 Refine#0" [stack: 0x0000007aea600000,0x0000007aea700000] [id=385408]
  0x0000022a05ddb000 ConcurrentGCThread "G1 Refine#1" [stack: 0x0000007aeb700000,0x0000007aeb800000] [id=383708]
  0x0000022a04685000 ConcurrentGCThread "G1 Refine#2" [stack: 0x0000007aeb800000,0x0000007aeb900000] [id=385436]
  0x0000022a032bd000 ConcurrentGCThread "G1 Refine#3" [stack: 0x0000007aeb900000,0x0000007aeba00000] [id=377572]
  0x0000022a07a03000 ConcurrentGCThread "G1 Refine#4" [stack: 0x0000007aeba00000,0x0000007aebb00000] [id=379260]
  0x0000022a07a00800 ConcurrentGCThread "G1 Refine#5" [stack: 0x0000007aebb00000,0x0000007aebc00000] [id=338624]
  0x0000022a07a03800 ConcurrentGCThread "G1 Refine#6" [stack: 0x0000007aebc00000,0x0000007aebd00000] [id=87296]
  0x0000022a025a6800 ConcurrentGCThread "G1 Young RemSet Sampling" [stack: 0x0000007aea700000,0x0000007aea800000] [id=385312]

Threads with active compile tasks:
C2 CompilerThread0   8543 5895       4       com.sun.tools.javac.util.SharedNameTable::fromUtf (174 bytes)

VM state:at safepoint (normal execution)

VM Mutex/Monitor currently owned by a thread:  ([mutex/lock_event])
[0x0000022a5f291f90] Threads_lock - owner thread: 0x0000022a0273e000
[0x0000022a5f290d90] Heap_lock - owner thread: 0x0000022a5f295000

Heap address: 0x0000000740e00000, size: 3058 MB, Compressed Oops mode: Zero based, Oop shift amount: 3
Narrow klass base: 0x0000000800000000, Narrow klass shift: 0
Compressed class space size: 1073741824 Address: 0x0000000800000000

Heap:
 garbage-first heap   total 247808K, used 45056K [0x0000000740e00000, 0x0000000800000000)
  region size 1024K, 3 young (3072K), 3 survivors (3072K)
 Metaspace       used 32498K, capacity 33197K, committed 33328K, reserved 1079296K
  class space    used 3350K, capacity 3613K, committed 3712K, reserved 1048576K
Heap Regions: E=young(eden), S=young(survivor), O=old, HS=humongous(starts), HC=humongous(continues), CS=collection set, F=free, A=archive, TAMS=top-at-mark-start (previous, next)
|   0|0x0000000740e00000, 0x0000000740f00000, 0x0000000740f00000|100%| O|  |TAMS 0x0000000740e46a00, 0x0000000740e00000| Untracked 
|   1|0x0000000740f00000, 0x0000000741000000, 0x0000000741000000|100%| O|  |TAMS 0x0000000740f00000, 0x0000000740f00000| Untracked 
|   2|0x0000000741000000, 0x0000000741100000, 0x0000000741100000|100%| O|  |TAMS 0x0000000741000000, 0x0000000741000000| Untracked 
|   3|0x0000000741100000, 0x0000000741200000, 0x0000000741200000|100%| O|  |TAMS 0x0000000741100000, 0x0000000741100000| Untracked 
|   4|0x0000000741200000, 0x0000000741300000, 0x0000000741300000|100%| O|  |TAMS 0x0000000741200000, 0x0000000741200000| Untracked 
|   5|0x0000000741300000, 0x0000000741400000, 0x0000000741400000|100%| O|  |TAMS 0x0000000741300000, 0x0000000741300000| Untracked 
|   6|0x0000000741400000, 0x0000000741500000, 0x0000000741500000|100%| O|  |TAMS 0x0000000741400000, 0x0000000741400000| Untracked 
|   7|0x0000000741500000, 0x0000000741600000, 0x0000000741600000|100%| O|  |TAMS 0x0000000741500000, 0x0000000741500000| Untracked 
|   8|0x0000000741600000, 0x0000000741700000, 0x0000000741700000|100%| O|  |TAMS 0x0000000741600000, 0x0000000741600000| Untracked 
|   9|0x0000000741700000, 0x0000000741800000, 0x0000000741800000|100%|HS|  |TAMS 0x0000000741700000, 0x0000000741700000| Complete 
|  10|0x0000000741800000, 0x0000000741900000, 0x0000000741900000|100%| O|  |TAMS 0x0000000741800000, 0x0000000741800000| Untracked 
|  11|0x0000000741900000, 0x0000000741a00000, 0x0000000741a00000|100%| O|  |TAMS 0x0000000741900000, 0x0000000741900000| Untracked 
|  12|0x0000000741a00000, 0x0000000741b00000, 0x0000000741b00000|100%| O|  |TAMS 0x0000000741a00000, 0x0000000741a00000| Untracked 
|  13|0x0000000741b00000, 0x0000000741c00000, 0x0000000741c00000|100%| O|  |TAMS 0x0000000741b00000, 0x0000000741b00000| Untracked 
|  14|0x0000000741c00000, 0x0000000741d00000, 0x0000000741d00000|100%| O|  |TAMS 0x0000000741c00000, 0x0000000741c00000| Untracked 
|  15|0x0000000741d00000, 0x0000000741e00000, 0x0000000741e00000|100%| O|  |TAMS 0x0000000741d00000, 0x0000000741d00000| Untracked 
|  16|0x0000000741e00000, 0x0000000741f00000, 0x0000000741f00000|100%| O|  |TAMS 0x0000000741e00000, 0x0000000741e00000| Untracked 
|  17|0x0000000741f00000, 0x0000000742000000, 0x0000000742000000|100%| O|  |TAMS 0x0000000741f00000, 0x0000000741f00000| Untracked 
|  18|0x0000000742000000, 0x0000000742100000, 0x0000000742100000|100%| O|  |TAMS 0x0000000742000000, 0x0000000742000000| Untracked 
|  19|0x0000000742100000, 0x0000000742200000, 0x0000000742200000|100%| O|  |TAMS 0x0000000742100000, 0x0000000742100000| Untracked 
|  20|0x0000000742200000, 0x0000000742300000, 0x0000000742300000|100%| O|  |TAMS 0x0000000742200000, 0x0000000742200000| Untracked 
|  21|0x0000000742300000, 0x0000000742400000, 0x0000000742400000|100%| O|  |TAMS 0x0000000742300000, 0x0000000742300000| Untracked 
|  22|0x0000000742400000, 0x0000000742500000, 0x0000000742500000|100%| O|  |TAMS 0x0000000742400000, 0x0000000742400000| Untracked 
|  23|0x0000000742500000, 0x0000000742600000, 0x0000000742600000|100%| O|  |TAMS 0x0000000742500000, 0x0000000742500000| Untracked 
|  24|0x0000000742600000, 0x0000000742700000, 0x0000000742700000|100%| O|  |TAMS 0x0000000742600000, 0x0000000742600000| Untracked 
|  25|0x0000000742700000, 0x0000000742800000, 0x0000000742800000|100%| O|  |TAMS 0x0000000742700000, 0x0000000742700000| Untracked 
|  26|0x0000000742800000, 0x0000000742900000, 0x0000000742900000|100%| O|  |TAMS 0x0000000742800000, 0x0000000742800000| Untracked 
|  27|0x0000000742900000, 0x0000000742a00000, 0x0000000742a00000|100%| O|  |TAMS 0x0000000742900000, 0x0000000742900000| Untracked 
|  28|0x0000000742a00000, 0x0000000742b00000, 0x0000000742b00000|100%| O|  |TAMS 0x0000000742a00000, 0x0000000742a00000| Untracked 
|  29|0x0000000742b00000, 0x0000000742c00000, 0x0000000742c00000|100%| O|  |TAMS 0x0000000742b00000, 0x0000000742b00000| Untracked 
|  30|0x0000000742c00000, 0x0000000742d00000, 0x0000000742d00000|100%| O|  |TAMS 0x0000000742c00000, 0x0000000742c00000| Untracked 
|  31|0x0000000742d00000, 0x0000000742e00000, 0x0000000742e00000|100%| O|  |TAMS 0x0000000742d00000, 0x0000000742d00000| Untracked 
|  32|0x0000000742e00000, 0x0000000742f00000, 0x0000000742f00000|100%| O|  |TAMS 0x0000000742e00000, 0x0000000742e00000| Untracked 
|  33|0x0000000742f00000, 0x0000000743000000, 0x0000000743000000|100%| O|  |TAMS 0x0000000742f00000, 0x0000000742f00000| Untracked 
|  34|0x0000000743000000, 0x0000000743100000, 0x0000000743100000|100%| O|  |TAMS 0x0000000743000000, 0x0000000743000000| Untracked 
|  35|0x0000000743100000, 0x0000000743200000, 0x0000000743200000|100%| O|  |TAMS 0x0000000743100000, 0x0000000743100000| Untracked 
|  36|0x0000000743200000, 0x0000000743300000, 0x0000000743300000|100%| O|  |TAMS 0x0000000743200000, 0x0000000743200000| Untracked 
|  37|0x0000000743300000, 0x0000000743400000, 0x0000000743400000|100%| O|  |TAMS 0x0000000743300000, 0x0000000743300000| Untracked 
|  38|0x0000000743400000, 0x0000000743500000, 0x0000000743500000|100%| O|  |TAMS 0x0000000743400000, 0x0000000743400000| Untracked 
|  39|0x0000000743500000, 0x0000000743600000, 0x0000000743600000|100%| O|  |TAMS 0x0000000743500000, 0x0000000743500000| Untracked 
|  40|0x0000000743600000, 0x0000000743700000, 0x0000000743700000|100%| O|  |TAMS 0x0000000743600000, 0x0000000743600000| Untracked 
|  41|0x0000000743700000, 0x0000000743700000, 0x0000000743800000|  0%| F|  |TAMS 0x0000000743700000, 0x0000000743700000| Untracked 
|  42|0x0000000743800000, 0x0000000743800000, 0x0000000743900000|  0%| F|  |TAMS 0x0000000743800000, 0x0000000743800000| Untracked 
|  43|0x0000000743900000, 0x0000000743900000, 0x0000000743a00000|  0%| F|  |TAMS 0x0000000743900000, 0x0000000743900000| Untracked 
|  44|0x0000000743a00000, 0x0000000743a00000, 0x0000000743b00000|  0%| F|  |TAMS 0x0000000743a00000, 0x0000000743a00000| Untracked 
|  45|0x0000000743b00000, 0x0000000743b00000, 0x0000000743c00000|  0%| F|  |TAMS 0x0000000743b00000, 0x0000000743b00000| Untracked 
|  46|0x0000000743c00000, 0x0000000743c00000, 0x0000000743d00000|  0%| F|  |TAMS 0x0000000743c00000, 0x0000000743c00000| Untracked 
|  47|0x0000000743d00000, 0x0000000743d00000, 0x0000000743e00000|  0%| F|  |TAMS 0x0000000743d00000, 0x0000000743d00000| Untracked 
|  48|0x0000000743e00000, 0x0000000743e00000, 0x0000000743f00000|  0%| F|  |TAMS 0x0000000743e00000, 0x0000000743e00000| Untracked 
|  49|0x0000000743f00000, 0x0000000743f00000, 0x0000000744000000|  0%| F|  |TAMS 0x0000000743f00000, 0x0000000743f00000| Untracked 
|  50|0x0000000744000000, 0x0000000744000000, 0x0000000744100000|  0%| F|  |TAMS 0x0000000744000000, 0x0000000744000000| Untracked 
|  51|0x0000000744100000, 0x0000000744100000, 0x0000000744200000|  0%| F|  |TAMS 0x0000000744100000, 0x0000000744100000| Untracked 
|  52|0x0000000744200000, 0x0000000744200000, 0x0000000744300000|  0%| F|  |TAMS 0x0000000744200000, 0x0000000744200000| Untracked 
|  53|0x0000000744300000, 0x0000000744300000, 0x0000000744400000|  0%| F|  |TAMS 0x0000000744300000, 0x0000000744300000| Untracked 
|  54|0x0000000744400000, 0x0000000744400000, 0x0000000744500000|  0%| F|  |TAMS 0x0000000744400000, 0x0000000744400000| Untracked 
|  55|0x0000000744500000, 0x0000000744500000, 0x0000000744600000|  0%| F|  |TAMS 0x0000000744500000, 0x0000000744500000| Untracked 
|  56|0x0000000744600000, 0x0000000744600000, 0x0000000744700000|  0%| F|  |TAMS 0x0000000744600000, 0x0000000744600000| Untracked 
|  57|0x0000000744700000, 0x0000000744700000, 0x0000000744800000|  0%| F|  |TAMS 0x0000000744700000, 0x0000000744700000| Untracked 
|  58|0x0000000744800000, 0x0000000744800000, 0x0000000744900000|  0%| F|  |TAMS 0x0000000744800000, 0x0000000744800000| Untracked 
|  59|0x0000000744900000, 0x0000000744900000, 0x0000000744a00000|  0%| F|  |TAMS 0x0000000744900000, 0x0000000744900000| Untracked 
|  60|0x0000000744a00000, 0x0000000744a00000, 0x0000000744b00000|  0%| F|  |TAMS 0x0000000744a00000, 0x0000000744a00000| Untracked 
|  61|0x0000000744b00000, 0x0000000744b00000, 0x0000000744c00000|  0%| F|  |TAMS 0x0000000744b00000, 0x0000000744b00000| Untracked 
|  62|0x0000000744c00000, 0x0000000744c00000, 0x0000000744d00000|  0%| F|  |TAMS 0x0000000744c00000, 0x0000000744c00000| Untracked 
|  63|0x0000000744d00000, 0x0000000744d00000, 0x0000000744e00000|  0%| F|  |TAMS 0x0000000744d00000, 0x0000000744d00000| Untracked 
|  64|0x0000000744e00000, 0x0000000744e00000, 0x0000000744f00000|  0%| F|  |TAMS 0x0000000744e00000, 0x0000000744e00000| Untracked 
|  65|0x0000000744f00000, 0x0000000744f00000, 0x0000000745000000|  0%| F|  |TAMS 0x0000000744f00000, 0x0000000744f00000| Untracked 
|  66|0x0000000745000000, 0x0000000745000000, 0x0000000745100000|  0%| F|  |TAMS 0x0000000745000000, 0x0000000745000000| Untracked 
|  67|0x0000000745100000, 0x0000000745100000, 0x0000000745200000|  0%| F|  |TAMS 0x0000000745100000, 0x0000000745100000| Untracked 
|  68|0x0000000745200000, 0x0000000745200000, 0x0000000745300000|  0%| F|  |TAMS 0x0000000745200000, 0x0000000745200000| Untracked 
|  69|0x0000000745300000, 0x0000000745300000, 0x0000000745400000|  0%| F|  |TAMS 0x0000000745300000, 0x0000000745300000| Untracked 
|  70|0x0000000745400000, 0x0000000745400000, 0x0000000745500000|  0%| F|  |TAMS 0x0000000745400000, 0x0000000745400000| Untracked 
|  71|0x0000000745500000, 0x0000000745500000, 0x0000000745600000|  0%| F|  |TAMS 0x0000000745500000, 0x0000000745500000| Untracked 
|  72|0x0000000745600000, 0x0000000745600000, 0x0000000745700000|  0%| F|  |TAMS 0x0000000745600000, 0x0000000745600000| Untracked 
|  73|0x0000000745700000, 0x0000000745700000, 0x0000000745800000|  0%| F|  |TAMS 0x0000000745700000, 0x0000000745700000| Untracked 
|  74|0x0000000745800000, 0x0000000745800000, 0x0000000745900000|  0%| F|  |TAMS 0x0000000745800000, 0x0000000745800000| Untracked 
|  75|0x0000000745900000, 0x0000000745900000, 0x0000000745a00000|  0%| F|  |TAMS 0x0000000745900000, 0x0000000745900000| Untracked 
|  76|0x0000000745a00000, 0x0000000745a00000, 0x0000000745b00000|  0%| F|  |TAMS 0x0000000745a00000, 0x0000000745a00000| Untracked 
|  77|0x0000000745b00000, 0x0000000745b00000, 0x0000000745c00000|  0%| F|  |TAMS 0x0000000745b00000, 0x0000000745b00000| Untracked 
|  78|0x0000000745c00000, 0x0000000745c00000, 0x0000000745d00000|  0%| F|  |TAMS 0x0000000745c00000, 0x0000000745c00000| Untracked 
|  79|0x0000000745d00000, 0x0000000745d00000, 0x0000000745e00000|  0%| F|  |TAMS 0x0000000745d00000, 0x0000000745d00000| Untracked 
|  80|0x0000000745e00000, 0x0000000745e00000, 0x0000000745f00000|  0%| F|  |TAMS 0x0000000745e00000, 0x0000000745e00000| Untracked 
|  81|0x0000000745f00000, 0x0000000745f00000, 0x0000000746000000|  0%| F|  |TAMS 0x0000000745f00000, 0x0000000745f00000| Untracked 
|  82|0x0000000746000000, 0x0000000746000000, 0x0000000746100000|  0%| F|  |TAMS 0x0000000746000000, 0x0000000746000000| Untracked 
|  83|0x0000000746100000, 0x0000000746100000, 0x0000000746200000|  0%| F|  |TAMS 0x0000000746100000, 0x0000000746100000| Untracked 
|  84|0x0000000746200000, 0x0000000746200000, 0x0000000746300000|  0%| F|  |TAMS 0x0000000746200000, 0x0000000746200000| Untracked 
|  85|0x0000000746300000, 0x0000000746300000, 0x0000000746400000|  0%| F|  |TAMS 0x0000000746300000, 0x0000000746300000| Untracked 
|  86|0x0000000746400000, 0x0000000746400000, 0x0000000746500000|  0%| F|  |TAMS 0x0000000746400000, 0x0000000746400000| Untracked 
|  87|0x0000000746500000, 0x0000000746500000, 0x0000000746600000|  0%| F|  |TAMS 0x0000000746500000, 0x0000000746500000| Untracked 
|  88|0x0000000746600000, 0x0000000746600000, 0x0000000746700000|  0%| F|  |TAMS 0x0000000746600000, 0x0000000746600000| Untracked 
|  89|0x0000000746700000, 0x0000000746700000, 0x0000000746800000|  0%| F|  |TAMS 0x0000000746700000, 0x0000000746700000| Untracked 
|  90|0x0000000746800000, 0x0000000746800000, 0x0000000746900000|  0%| F|  |TAMS 0x0000000746800000, 0x0000000746800000| Untracked 
|  91|0x0000000746900000, 0x0000000746900000, 0x0000000746a00000|  0%| F|  |TAMS 0x0000000746900000, 0x0000000746900000| Untracked 
|  92|0x0000000746a00000, 0x0000000746a00000, 0x0000000746b00000|  0%| F|  |TAMS 0x0000000746a00000, 0x0000000746a00000| Untracked 
|  93|0x0000000746b00000, 0x0000000746b00000, 0x0000000746c00000|  0%| F|  |TAMS 0x0000000746b00000, 0x0000000746b00000| Untracked 
|  94|0x0000000746c00000, 0x0000000746c00000, 0x0000000746d00000|  0%| F|  |TAMS 0x0000000746c00000, 0x0000000746c00000| Untracked 
|  95|0x0000000746d00000, 0x0000000746d00000, 0x0000000746e00000|  0%| F|  |TAMS 0x0000000746d00000, 0x0000000746d00000| Untracked 
|  96|0x0000000746e00000, 0x0000000746e00000, 0x0000000746f00000|  0%| F|  |TAMS 0x0000000746e00000, 0x0000000746e00000| Untracked 
|  97|0x0000000746f00000, 0x0000000746f00000, 0x0000000747000000|  0%| F|  |TAMS 0x0000000746f00000, 0x0000000746f00000| Untracked 
|  98|0x0000000747000000, 0x0000000747000000, 0x0000000747100000|  0%| F|  |TAMS 0x0000000747000000, 0x0000000747000000| Untracked 
|  99|0x0000000747100000, 0x0000000747100000, 0x0000000747200000|  0%| F|  |TAMS 0x0000000747100000, 0x0000000747100000| Untracked 
| 100|0x0000000747200000, 0x0000000747200000, 0x0000000747300000|  0%| F|  |TAMS 0x0000000747200000, 0x0000000747200000| Untracked 
| 101|0x0000000747300000, 0x0000000747300000, 0x0000000747400000|  0%| F|  |TAMS 0x0000000747300000, 0x0000000747300000| Untracked 
| 102|0x0000000747400000, 0x0000000747400000, 0x0000000747500000|  0%| F|  |TAMS 0x0000000747400000, 0x0000000747400000| Untracked 
| 103|0x0000000747500000, 0x0000000747500000, 0x0000000747600000|  0%| F|  |TAMS 0x0000000747500000, 0x0000000747500000| Untracked 
| 104|0x0000000747600000, 0x0000000747600000, 0x0000000747700000|  0%| F|  |TAMS 0x0000000747600000, 0x0000000747600000| Untracked 
| 105|0x0000000747700000, 0x0000000747700000, 0x0000000747800000|  0%| F|  |TAMS 0x0000000747700000, 0x0000000747700000| Untracked 
| 106|0x0000000747800000, 0x0000000747800000, 0x0000000747900000|  0%| F|  |TAMS 0x0000000747800000, 0x0000000747800000| Untracked 
| 107|0x0000000747900000, 0x0000000747900000, 0x0000000747a00000|  0%| F|  |TAMS 0x0000000747900000, 0x0000000747900000| Untracked 
| 108|0x0000000747a00000, 0x0000000747a00000, 0x0000000747b00000|  0%| F|  |TAMS 0x0000000747a00000, 0x0000000747a00000| Untracked 
| 109|0x0000000747b00000, 0x0000000747b00000, 0x0000000747c00000|  0%| F|  |TAMS 0x0000000747b00000, 0x0000000747b00000| Untracked 
| 110|0x0000000747c00000, 0x0000000747c00000, 0x0000000747d00000|  0%| F|  |TAMS 0x0000000747c00000, 0x0000000747c00000| Untracked 
| 111|0x0000000747d00000, 0x0000000747d00000, 0x0000000747e00000|  0%| F|  |TAMS 0x0000000747d00000, 0x0000000747d00000| Untracked 
| 112|0x0000000747e00000, 0x0000000747e00000, 0x0000000747f00000|  0%| F|  |TAMS 0x0000000747e00000, 0x0000000747e00000| Untracked 
| 113|0x0000000747f00000, 0x0000000747f00000, 0x0000000748000000|  0%| F|  |TAMS 0x0000000747f00000, 0x0000000747f00000| Untracked 
| 114|0x0000000748000000, 0x0000000748000000, 0x0000000748100000|  0%| F|  |TAMS 0x0000000748000000, 0x0000000748000000| Untracked 
| 115|0x0000000748100000, 0x0000000748100000, 0x0000000748200000|  0%| F|  |TAMS 0x0000000748100000, 0x0000000748100000| Untracked 
| 116|0x0000000748200000, 0x0000000748200000, 0x0000000748300000|  0%| F|  |TAMS 0x0000000748200000, 0x0000000748200000| Untracked 
| 117|0x0000000748300000, 0x0000000748300000, 0x0000000748400000|  0%| F|  |TAMS 0x0000000748300000, 0x0000000748300000| Untracked 
| 118|0x0000000748400000, 0x0000000748400000, 0x0000000748500000|  0%| F|  |TAMS 0x0000000748400000, 0x0000000748400000| Untracked 
| 119|0x0000000748500000, 0x0000000748500000, 0x0000000748600000|  0%| F|  |TAMS 0x0000000748500000, 0x0000000748500000| Untracked 
| 120|0x0000000748600000, 0x0000000748600000, 0x0000000748700000|  0%| F|  |TAMS 0x0000000748600000, 0x0000000748600000| Untracked 
| 121|0x0000000748700000, 0x0000000748700000, 0x0000000748800000|  0%| F|  |TAMS 0x0000000748700000, 0x0000000748700000| Untracked 
| 122|0x0000000748800000, 0x0000000748800000, 0x0000000748900000|  0%| F|  |TAMS 0x0000000748800000, 0x0000000748800000| Untracked 
| 123|0x0000000748900000, 0x0000000748900000, 0x0000000748a00000|  0%| F|  |TAMS 0x0000000748900000, 0x0000000748900000| Untracked 
| 124|0x0000000748a00000, 0x0000000748a00000, 0x0000000748b00000|  0%| F|  |TAMS 0x0000000748a00000, 0x0000000748a00000| Untracked 
| 125|0x0000000748b00000, 0x0000000748b00000, 0x0000000748c00000|  0%| F|  |TAMS 0x0000000748b00000, 0x0000000748b00000| Untracked 
| 126|0x0000000748c00000, 0x0000000748c00000, 0x0000000748d00000|  0%| F|  |TAMS 0x0000000748c00000, 0x0000000748c00000| Untracked 
| 127|0x0000000748d00000, 0x0000000748d00000, 0x0000000748e00000|  0%| F|  |TAMS 0x0000000748d00000, 0x0000000748d00000| Untracked 
| 128|0x0000000748e00000, 0x0000000748e00000, 0x0000000748f00000|  0%| F|  |TAMS 0x0000000748e00000, 0x0000000748e00000| Untracked 
| 129|0x0000000748f00000, 0x0000000748f00000, 0x0000000749000000|  0%| F|  |TAMS 0x0000000748f00000, 0x0000000748f00000| Untracked 
| 130|0x0000000749000000, 0x0000000749000000, 0x0000000749100000|  0%| F|  |TAMS 0x0000000749000000, 0x0000000749000000| Untracked 
| 131|0x0000000749100000, 0x0000000749100000, 0x0000000749200000|  0%| F|  |TAMS 0x0000000749100000, 0x0000000749100000| Untracked 
| 132|0x0000000749200000, 0x0000000749200000, 0x0000000749300000|  0%| F|  |TAMS 0x0000000749200000, 0x0000000749200000| Untracked 
| 133|0x0000000749300000, 0x0000000749300000, 0x0000000749400000|  0%| F|  |TAMS 0x0000000749300000, 0x0000000749300000| Untracked 
| 134|0x0000000749400000, 0x0000000749400000, 0x0000000749500000|  0%| F|  |TAMS 0x0000000749400000, 0x0000000749400000| Untracked 
| 135|0x0000000749500000, 0x0000000749500000, 0x0000000749600000|  0%| F|  |TAMS 0x0000000749500000, 0x0000000749500000| Untracked 
| 136|0x0000000749600000, 0x0000000749600000, 0x0000000749700000|  0%| F|  |TAMS 0x0000000749600000, 0x0000000749600000| Untracked 
| 137|0x0000000749700000, 0x0000000749700000, 0x0000000749800000|  0%| F|  |TAMS 0x0000000749700000, 0x0000000749700000| Untracked 
| 138|0x0000000749800000, 0x0000000749800000, 0x0000000749900000|  0%| F|  |TAMS 0x0000000749800000, 0x0000000749800000| Untracked 
| 139|0x0000000749900000, 0x0000000749900000, 0x0000000749a00000|  0%| F|  |TAMS 0x0000000749900000, 0x0000000749900000| Untracked 
| 140|0x0000000749a00000, 0x0000000749a00000, 0x0000000749b00000|  0%| F|  |TAMS 0x0000000749a00000, 0x0000000749a00000| Untracked 
| 141|0x0000000749b00000, 0x0000000749b00000, 0x0000000749c00000|  0%| F|  |TAMS 0x0000000749b00000, 0x0000000749b00000| Untracked 
| 142|0x0000000749c00000, 0x0000000749c00000, 0x0000000749d00000|  0%| F|  |TAMS 0x0000000749c00000, 0x0000000749c00000| Untracked 
| 143|0x0000000749d00000, 0x0000000749d00000, 0x0000000749e00000|  0%| F|  |TAMS 0x0000000749d00000, 0x0000000749d00000| Untracked 
| 144|0x0000000749e00000, 0x0000000749e00000, 0x0000000749f00000|  0%| F|  |TAMS 0x0000000749e00000, 0x0000000749e00000| Untracked 
| 145|0x0000000749f00000, 0x0000000749f00000, 0x000000074a000000|  0%| F|  |TAMS 0x0000000749f00000, 0x0000000749f00000| Untracked 
| 146|0x000000074a000000, 0x000000074a000000, 0x000000074a100000|  0%| F|  |TAMS 0x000000074a000000, 0x000000074a000000| Untracked 
| 147|0x000000074a100000, 0x000000074a100000, 0x000000074a200000|  0%| F|  |TAMS 0x000000074a100000, 0x000000074a100000| Untracked 
| 148|0x000000074a200000, 0x000000074a200000, 0x000000074a300000|  0%| F|  |TAMS 0x000000074a200000, 0x000000074a200000| Untracked 
| 149|0x000000074a300000, 0x000000074a300000, 0x000000074a400000|  0%| F|  |TAMS 0x000000074a300000, 0x000000074a300000| Untracked 
| 150|0x000000074a400000, 0x000000074a400000, 0x000000074a500000|  0%| F|  |TAMS 0x000000074a400000, 0x000000074a400000| Untracked 
| 151|0x000000074a500000, 0x000000074a500000, 0x000000074a600000|  0%| F|  |TAMS 0x000000074a500000, 0x000000074a500000| Untracked 
| 152|0x000000074a600000, 0x000000074a600000, 0x000000074a700000|  0%| F|  |TAMS 0x000000074a600000, 0x000000074a600000| Untracked 
| 153|0x000000074a700000, 0x000000074a700000, 0x000000074a800000|  0%| F|  |TAMS 0x000000074a700000, 0x000000074a700000| Untracked 
| 154|0x000000074a800000, 0x000000074a800000, 0x000000074a900000|  0%| F|  |TAMS 0x000000074a800000, 0x000000074a800000| Untracked 
| 155|0x000000074a900000, 0x000000074a900000, 0x000000074aa00000|  0%| F|  |TAMS 0x000000074a900000, 0x000000074a900000| Untracked 
| 156|0x000000074aa00000, 0x000000074aa00000, 0x000000074ab00000|  0%| F|  |TAMS 0x000000074aa00000, 0x000000074aa00000| Untracked 
| 157|0x000000074ab00000, 0x000000074ab00000, 0x000000074ac00000|  0%| F|  |TAMS 0x000000074ab00000, 0x000000074ab00000| Untracked 
| 158|0x000000074ac00000, 0x000000074ac00000, 0x000000074ad00000|  0%| F|  |TAMS 0x000000074ac00000, 0x000000074ac00000| Untracked 
| 159|0x000000074ad00000, 0x000000074ad00000, 0x000000074ae00000|  0%| F|  |TAMS 0x000000074ad00000, 0x000000074ad00000| Untracked 
| 160|0x000000074ae00000, 0x000000074ae00000, 0x000000074af00000|  0%| F|  |TAMS 0x000000074ae00000, 0x000000074ae00000| Untracked 
| 161|0x000000074af00000, 0x000000074af00000, 0x000000074b000000|  0%| F|  |TAMS 0x000000074af00000, 0x000000074af00000| Untracked 
| 162|0x000000074b000000, 0x000000074b000000, 0x000000074b100000|  0%| F|  |TAMS 0x000000074b000000, 0x000000074b000000| Untracked 
| 163|0x000000074b100000, 0x000000074b100000, 0x000000074b200000|  0%| F|  |TAMS 0x000000074b100000, 0x000000074b100000| Untracked 
| 164|0x000000074b200000, 0x000000074b200000, 0x000000074b300000|  0%| F|  |TAMS 0x000000074b200000, 0x000000074b200000| Untracked 
| 165|0x000000074b300000, 0x000000074b300000, 0x000000074b400000|  0%| F|  |TAMS 0x000000074b300000, 0x000000074b300000| Untracked 
| 166|0x000000074b400000, 0x000000074b400000, 0x000000074b500000|  0%| F|  |TAMS 0x000000074b400000, 0x000000074b400000| Untracked 
| 167|0x000000074b500000, 0x000000074b500000, 0x000000074b600000|  0%| F|  |TAMS 0x000000074b500000, 0x000000074b500000| Untracked 
| 168|0x000000074b600000, 0x000000074b600000, 0x000000074b700000|  0%| F|  |TAMS 0x000000074b600000, 0x000000074b600000| Untracked 
| 169|0x000000074b700000, 0x000000074b700000, 0x000000074b800000|  0%| F|  |TAMS 0x000000074b700000, 0x000000074b700000| Untracked 
| 170|0x000000074b800000, 0x000000074b800000, 0x000000074b900000|  0%| F|  |TAMS 0x000000074b800000, 0x000000074b800000| Untracked 
| 171|0x000000074b900000, 0x000000074b900000, 0x000000074ba00000|  0%| F|  |TAMS 0x000000074b900000, 0x000000074b900000| Untracked 
| 172|0x000000074ba00000, 0x000000074ba00000, 0x000000074bb00000|  0%| F|  |TAMS 0x000000074ba00000, 0x000000074ba00000| Untracked 
| 173|0x000000074bb00000, 0x000000074bb00000, 0x000000074bc00000|  0%| F|  |TAMS 0x000000074bb00000, 0x000000074bb00000| Untracked 
| 174|0x000000074bc00000, 0x000000074bc00000, 0x000000074bd00000|  0%| F|  |TAMS 0x000000074bc00000, 0x000000074bc00000| Untracked 
| 175|0x000000074bd00000, 0x000000074bd00000, 0x000000074be00000|  0%| F|  |TAMS 0x000000074bd00000, 0x000000074bd00000| Untracked 
| 176|0x000000074be00000, 0x000000074be00000, 0x000000074bf00000|  0%| F|  |TAMS 0x000000074be00000, 0x000000074be00000| Untracked 
| 177|0x000000074bf00000, 0x000000074bf00000, 0x000000074c000000|  0%| F|  |TAMS 0x000000074bf00000, 0x000000074bf00000| Untracked 
| 178|0x000000074c000000, 0x000000074c000000, 0x000000074c100000|  0%| F|  |TAMS 0x000000074c000000, 0x000000074c000000| Untracked 
| 179|0x000000074c100000, 0x000000074c100000, 0x000000074c200000|  0%| F|  |TAMS 0x000000074c100000, 0x000000074c100000| Untracked 
| 180|0x000000074c200000, 0x000000074c200000, 0x000000074c300000|  0%| F|  |TAMS 0x000000074c200000, 0x000000074c200000| Untracked 
| 181|0x000000074c300000, 0x000000074c300000, 0x000000074c400000|  0%| F|  |TAMS 0x000000074c300000, 0x000000074c300000| Untracked 
| 182|0x000000074c400000, 0x000000074c500000, 0x000000074c500000|100%| S|CS|TAMS 0x000000074c400000, 0x000000074c400000| Complete 
| 183|0x000000074c500000, 0x000000074c600000, 0x000000074c600000|100%| S|CS|TAMS 0x000000074c500000, 0x000000074c500000| Complete 
| 184|0x000000074c600000, 0x000000074c700000, 0x000000074c700000|100%| S|CS|TAMS 0x000000074c600000, 0x000000074c600000| Complete 
| 185|0x000000074c700000, 0x000000074c700000, 0x000000074c800000|  0%| F|  |TAMS 0x000000074c700000, 0x000000074c700000| Untracked 
| 186|0x000000074c800000, 0x000000074c800000, 0x000000074c900000|  0%| F|  |TAMS 0x000000074c800000, 0x000000074c800000| Untracked 
| 187|0x000000074c900000, 0x000000074c900000, 0x000000074ca00000|  0%| F|  |TAMS 0x000000074c900000, 0x000000074c900000| Untracked 
| 188|0x000000074ca00000, 0x000000074ca00000, 0x000000074cb00000|  0%| F|  |TAMS 0x000000074ca00000, 0x000000074ca00000| Untracked 
| 189|0x000000074cb00000, 0x000000074cb00000, 0x000000074cc00000|  0%| F|  |TAMS 0x000000074cb00000, 0x000000074cb00000| Untracked 
| 190|0x000000074cc00000, 0x000000074cc00000, 0x000000074cd00000|  0%| F|  |TAMS 0x000000074cc00000, 0x000000074cc00000| Untracked 
| 191|0x000000074cd00000, 0x000000074cd00000, 0x000000074ce00000|  0%| F|  |TAMS 0x000000074cd00000, 0x000000074cd00000| Untracked 

Card table byte_map: [0x0000022a78f70000,0x0000022a79570000] _byte_map_base: 0x0000022a75569000

Marking Bits (Prev, Next): (CMBitMap*) 0x0000022a5f2e65a0, (CMBitMap*) 0x0000022a5f2e6568
 Prev Bits: [0x0000022a7cb40000, 0x0000022a7fb08000)
 Next Bits: [0x0000022a79b70000, 0x0000022a7cb38000)

Polling page: 0x0000022a5f380000

Metaspace:

Usage:
  Non-class:     28.89 MB capacity,    28.46 MB ( 99%) used,   382.84 KB (  1%) free+waste,    53.31 KB ( <1%) overhead. 
      Class:      3.53 MB capacity,     3.27 MB ( 93%) used,   240.97 KB (  7%) free+waste,    21.56 KB ( <1%) overhead. 
       Both:     32.42 MB capacity,    31.74 MB ( 98%) used,   623.80 KB (  2%) free+waste,    74.88 KB ( <1%) overhead. 

Virtual space:
  Non-class space:       30.00 MB reserved,      28.92 MB ( 96%) committed 
      Class space:        1.00 GB reserved,       3.63 MB ( <1%) committed 
             Both:        1.03 GB reserved,      32.55 MB (  3%) committed 

Chunk freelists:
   Non-Class:  4.00 KB
       Class:  384 bytes
        Both:  4.38 KB

CodeHeap 'non-profiled nmethods': size=120000Kb used=2608Kb max_used=2608Kb free=117391Kb
 bounds [0x0000022a709c0000, 0x0000022a70c50000, 0x0000022a77ef0000]
CodeHeap 'profiled nmethods': size=120000Kb used=13469Kb max_used=13469Kb free=106530Kb
 bounds [0x0000022a69490000, 0x0000022a6a1c0000, 0x0000022a709c0000]
CodeHeap 'non-nmethods': size=5760Kb used=1150Kb max_used=1190Kb free=4610Kb
 bounds [0x0000022a68ef0000, 0x0000022a69160000, 0x0000022a69490000]
 total_blobs=6053 nmethods=5582 adapters=382
 compilation: enabled
              stopped_count=0, restarted_count=0
 full_count=0

Compilation events (10 events):
Event: 8.163 Thread 0x0000022a02f8d000 5997       2       com.sun.tools.javac.code.Scope$CompoundScope::lambda$getSymbolsByName$2 (13 bytes)
Event: 8.163 Thread 0x0000022a02f8d000 nmethod 5997 0x0000022a6a1bb990 code [0x0000022a6a1bbb40, 0x0000022a6a1bbce0]
Event: 8.163 Thread 0x0000022a02f8d000 5998       2       com.sun.tools.javac.comp.TypeEnter$ImportsPhase$$Lambda$133/0x0000000800378840::accepts (14 bytes)
Event: 8.163 Thread 0x0000022a02f8d000 nmethod 5998 0x0000022a6a1bbd90 code [0x0000022a6a1bbf40, 0x0000022a6a1bc130]
Event: 8.163 Thread 0x0000022a02f8d000 5999       2       com.sun.tools.javac.comp.TypeEnter$ImportsPhase::lambda$resolveImports$2 (31 bytes)
Event: 8.163 Thread 0x0000022a02f8d000 nmethod 5999 0x0000022a6a1bc290 code [0x0000022a6a1bc440, 0x0000022a6a1bc630]
Event: 8.163 Thread 0x0000022a02f8d000 5990       2       com.sun.tools.javac.code.Scope::getSymbols (9 bytes)
Event: 8.163 Thread 0x0000022a02f8d000 nmethod 5990 0x0000022a6a1bc790 code [0x0000022a6a1bc940, 0x0000022a6a1bcad0]
Event: 8.164 Thread 0x0000022a02f8d000 6000       2       com.sun.tools.javac.code.Scope::getSymbols (9 bytes)
Event: 8.164 Thread 0x0000022a02f8d000 nmethod 6000 0x0000022a6a1bcb90 code [0x0000022a6a1bcd40, 0x0000022a6a1bced0]

GC Heap History (10 events):
Event: 0.687 GC heap after
{Heap after GC invocations=1 (full 0):
 garbage-first heap   total 196608K, used 3354K [0x0000000740e00000, 0x0000000800000000)
  region size 1024K, 3 young (3072K), 3 survivors (3072K)
 Metaspace       used 13142K, capacity 13350K, committed 13440K, reserved 1060864K
  class space    used 1318K, capacity 1387K, committed 1408K, reserved 1048576K
}
Event: 2.004 GC heap before
{Heap before GC invocations=1 (full 0):
 garbage-first heap   total 196608K, used 72986K [0x0000000740e00000, 0x0000000800000000)
  region size 1024K, 72 young (73728K), 3 survivors (3072K)
 Metaspace       used 20818K, capacity 21111K, committed 21296K, reserved 1069056K
  class space    used 2201K, capacity 2316K, committed 2432K, reserved 1048576K
}
Event: 2.035 GC heap after
{Heap after GC invocations=2 (full 0):
 garbage-first heap   total 196608K, used 9447K [0x0000000740e00000, 0x0000000800000000)
  region size 1024K, 9 young (9216K), 9 survivors (9216K)
 Metaspace       used 20818K, capacity 21111K, committed 21296K, reserved 1069056K
  class space    used 2201K, capacity 2316K, committed 2432K, reserved 1048576K
}
Event: 2.973 GC heap before
{Heap before GC invocations=3 (full 0):
 garbage-first heap   total 196608K, used 84199K [0x0000000740e00000, 0x0000000800000000)
  region size 1024K, 82 young (83968K), 9 survivors (9216K)
 Metaspace       used 21852K, capacity 22152K, committed 22320K, reserved 1069056K
  class space    used 2239K, capacity 2359K, committed 2432K, reserved 1048576K
}
Event: 2.989 GC heap after
{Heap after GC invocations=4 (full 0):
 garbage-first heap   total 196608K, used 13975K [0x0000000740e00000, 0x0000000800000000)
  region size 1024K, 5 young (5120K), 5 survivors (5120K)
 Metaspace       used 21852K, capacity 22152K, committed 22320K, reserved 1069056K
  class space    used 2239K, capacity 2359K, committed 2432K, reserved 1048576K
}
Event: 5.280 GC heap before
{Heap before GC invocations=4 (full 0):
 garbage-first heap   total 196608K, used 105111K [0x0000000740e00000, 0x0000000800000000)
  region size 1024K, 94 young (96256K), 5 survivors (5120K)
 Metaspace       used 25099K, capacity 25652K, committed 25776K, reserved 1073152K
  class space    used 2587K, capacity 2787K, committed 2816K, reserved 1048576K
}
Event: 5.288 GC heap after
{Heap after GC invocations=5 (full 0):
 garbage-first heap   total 196608K, used 16051K [0x0000000740e00000, 0x0000000800000000)
  region size 1024K, 7 young (7168K), 7 survivors (7168K)
 Metaspace       used 25099K, capacity 25652K, committed 25776K, reserved 1073152K
  class space    used 2587K, capacity 2787K, committed 2816K, reserved 1048576K
}
Event: 8.036 GC heap before
{Heap before GC invocations=5 (full 0):
 garbage-first heap   total 196608K, used 127667K [0x0000000740e00000, 0x0000000800000000)
  region size 1024K, 115 young (117760K), 7 survivors (7168K)
 Metaspace       used 32396K, capacity 33056K, committed 33328K, reserved 1079296K
  class space    used 3349K, capacity 3613K, committed 3712K, reserved 1048576K
}
Event: 8.089 GC heap after
{Heap after GC invocations=6 (full 0):
 garbage-first heap   total 196608K, used 40960K [0x0000000740e00000, 0x0000000800000000)
  region size 1024K, 15 young (15360K), 15 survivors (15360K)
 Metaspace       used 32396K, capacity 33056K, committed 33328K, reserved 1079296K
  class space    used 3349K, capacity 3613K, committed 3712K, reserved 1048576K
}
Event: 8.164 GC heap before
{Heap before GC invocations=6 (full 0):
 garbage-first heap   total 196608K, used 48128K [0x0000000740e00000, 0x0000000800000000)
  region size 1024K, 22 young (22528K), 15 survivors (15360K)
 Metaspace       used 32498K, capacity 33197K, committed 33328K, reserved 1079296K
  class space    used 3350K, capacity 3613K, committed 3712K, reserved 1048576K
}

Deoptimization events (10 events):
Event: 7.066 Thread 0x0000022a5f295000 Uncommon trap: reason=unstable_if action=reinterpret pc=0x0000022a70bd7fb8 method=com.sun.tools.javac.parser.JavadocTokenizer$DocReader.scanChar()V @ 27 c2
Event: 7.074 Thread 0x0000022a5f295000 Uncommon trap: reason=unstable_if action=reinterpret pc=0x0000022a70bbd7ac method=java.lang.Character.isHighSurrogate(C)Z @ 3 c2
Event: 7.074 Thread 0x0000022a5f295000 Uncommon trap: reason=unstable_if action=reinterpret pc=0x0000022a70acc674 method=java.lang.Character.isHighSurrogate(C)Z @ 3 c2
Event: 7.074 Thread 0x0000022a5f295000 Uncommon trap: reason=unstable_if action=reinterpret pc=0x0000022a70af2274 method=java.lang.Character.isLowSurrogate(C)Z @ 3 c2
Event: 7.079 Thread 0x0000022a5f295000 Uncommon trap: reason=unstable_if action=reinterpret pc=0x0000022a709cace4 method=java.lang.CharacterData.of(I)Ljava/lang/CharacterData; @ 4 c2
Event: 7.607 Thread 0x0000022a5f295000 Uncommon trap: reason=unstable_if action=reinterpret pc=0x0000022a70a74898 method=java.time.LocalDate.compareTo0(Ljava/time/LocalDate;)I @ 25 c2
Event: 7.645 Thread 0x0000022a5f295000 Uncommon trap: reason=unstable_if action=reinterpret pc=0x0000022a70c12710 method=java.time.LocalDate.plusDays(J)Ljava/time/LocalDate; @ 3 c2
Event: 7.692 Thread 0x0000022a5f295000 Uncommon trap: reason=unstable_if action=reinterpret pc=0x0000022a70c13438 method=java.time.LocalDateTime.compareTo0(Ljava/time/LocalDateTime;)I @ 13 c2
Event: 7.797 Thread 0x0000022a5f295000 Uncommon trap: reason=unstable_if action=reinterpret pc=0x0000022a70c22a94 method=java.nio.file.FileTreeWalker.visit(Ljava/nio/file/Path;ZZ)Ljava/nio/file/FileTreeWalker$Event; @ 53 c2
Event: 8.094 Thread 0x0000022a5f295000 Uncommon trap: reason=unstable_if action=reinterpret pc=0x0000022a70ba6444 method=java.lang.String.regionMatches(ILjava/lang/String;II)Z @ 32 c2

Classes redefined (0 events):
No events

Internal exceptions (10 events):
Event: 8.153 Thread 0x0000022a5f295000 Exception <a 'sun/nio/fs/WindowsException'{0x000000074c88fcf0}> (0x000000074c88fcf0) thrown at [./open/src/hotspot/share/prims/jni.cpp, line 611]
Event: 8.153 Thread 0x0000022a5f295000 Exception <a 'sun/nio/fs/WindowsException'{0x000000074c890018}> (0x000000074c890018) thrown at [./open/src/hotspot/share/prims/jni.cpp, line 611]
Event: 8.155 Thread 0x0000022a5f295000 Exception <a 'sun/nio/fs/WindowsException'{0x000000074c8af1b8}> (0x000000074c8af1b8) thrown at [./open/src/hotspot/share/prims/jni.cpp, line 611]
Event: 8.155 Thread 0x0000022a5f295000 Exception <a 'sun/nio/fs/WindowsException'{0x000000074c8af4a0}> (0x000000074c8af4a0) thrown at [./open/src/hotspot/share/prims/jni.cpp, line 611]
Event: 8.155 Thread 0x0000022a5f295000 Exception <a 'sun/nio/fs/WindowsException'{0x000000074c8c1f98}> (0x000000074c8c1f98) thrown at [./open/src/hotspot/share/prims/jni.cpp, line 611]
Event: 8.155 Thread 0x0000022a5f295000 Exception <a 'sun/nio/fs/WindowsException'{0x000000074c8c2230}> (0x000000074c8c2230) thrown at [./open/src/hotspot/share/prims/jni.cpp, line 611]
Event: 8.156 Thread 0x0000022a5f295000 Exception <a 'sun/nio/fs/WindowsException'{0x000000074c7077d8}> (0x000000074c7077d8) thrown at [./open/src/hotspot/share/prims/jni.cpp, line 611]
Event: 8.156 Thread 0x0000022a5f295000 Exception <a 'sun/nio/fs/WindowsException'{0x000000074c707ab8}> (0x000000074c707ab8) thrown at [./open/src/hotspot/share/prims/jni.cpp, line 611]
Event: 8.156 Thread 0x0000022a5f295000 Exception <a 'sun/nio/fs/WindowsException'{0x000000074c708a40}> (0x000000074c708a40) thrown at [./open/src/hotspot/share/prims/jni.cpp, line 611]
Event: 8.156 Thread 0x0000022a5f295000 Exception <a 'sun/nio/fs/WindowsException'{0x000000074c708da0}> (0x000000074c708da0) thrown at [./open/src/hotspot/share/prims/jni.cpp, line 611]

Events (10 events):
Event: 8.094 Thread 0x0000022a5f295000 Uncommon trap: trap_request=0xffffff4d fr.pc=0x0000022a70ba6444 relative=0x0000000000000224
Event: 8.094 Thread 0x0000022a5f295000 DEOPT PACKING pc=0x0000022a70ba6444 sp=0x0000007aea2fc130
Event: 8.094 Thread 0x0000022a5f295000 DEOPT UNPACKING pc=0x0000022a68f1922f sp=0x0000007aea2fc0b8 mode 2
Event: 8.097 Thread 0x0000022a5f295000 DEOPT PACKING pc=0x0000022a6a0e187c sp=0x0000007aea2fb860
Event: 8.097 Thread 0x0000022a5f295000 DEOPT UNPACKING pc=0x0000022a68f1904e sp=0x0000007aea2fad88 mode 0
Event: 8.140 Executing VM operation: Deoptimize
Event: 8.140 Executing VM operation: Deoptimize done
Event: 8.142 Thread 0x0000022a5f295000 DEOPT PACKING pc=0x0000022a6a1891f4 sp=0x0000007aea2fa940
Event: 8.142 Thread 0x0000022a5f295000 DEOPT UNPACKING pc=0x0000022a68f1904e sp=0x0000007aea2f9da0 mode 0
Event: 8.164 Executing VM operation: G1CollectForAllocation


Dynamic libraries:
0x00007ff7f10f0000 - 0x00007ff7f10ff000 	C:\Program Files\Java\jdk-11.0.9\bin\javaw.exe
0x00007ffd1f1d0000 - 0x00007ffd1f3c6000 	C:\WINDOWS\SYSTEM32\ntdll.dll
0x00007ffd1f0a0000 - 0x00007ffd1f15d000 	C:\WINDOWS\System32\KERNEL32.DLL
0x00007ffd1cf30000 - 0x00007ffd1d1f9000 	C:\WINDOWS\System32\KERNELBASE.dll
0x00007ffd1c9b0000 - 0x00007ffd1cab0000 	C:\WINDOWS\System32\ucrtbase.dll
0x00007ffd06b40000 - 0x00007ffd06b58000 	C:\Program Files\Java\jdk-11.0.9\bin\jli.dll
0x00007ffd15010000 - 0x00007ffd15025000 	C:\Program Files\Java\jdk-11.0.9\bin\VCRUNTIME140.dll
0x00007ffd1ea50000 - 0x00007ffd1eafc000 	C:\WINDOWS\System32\ADVAPI32.dll
0x00007ffd1d3e0000 - 0x00007ffd1d47e000 	C:\WINDOWS\System32\msvcrt.dll
0x00007ffd1d340000 - 0x00007ffd1d3dc000 	C:\WINDOWS\System32\sechost.dll
0x00007ffd1d8f0000 - 0x00007ffd1da1b000 	C:\WINDOWS\System32\RPCRT4.dll
0x00007ffd1e6d0000 - 0x00007ffd1e870000 	C:\WINDOWS\System32\USER32.dll
0x00007ffd097d0000 - 0x00007ffd09a6b000 	C:\WINDOWS\WinSxS\amd64_microsoft.windows.common-controls_6595b64144ccf1df_6.0.19041.746_none_ca02b4b61b8320a4\COMCTL32.dll
0x00007ffd1c8e0000 - 0x00007ffd1c902000 	C:\WINDOWS\System32\win32u.dll
0x00007ffd1eb60000 - 0x00007ffd1eb8a000 	C:\WINDOWS\System32\GDI32.dll
0x00007ffd1cab0000 - 0x00007ffd1cbbb000 	C:\WINDOWS\System32\gdi32full.dll
0x00007ffd1c910000 - 0x00007ffd1c9ad000 	C:\WINDOWS\System32\msvcp_win.dll
0x00007ffd15190000 - 0x00007ffd1519a000 	C:\WINDOWS\SYSTEM32\VERSION.dll
0x00007ffd1ea20000 - 0x00007ffd1ea50000 	C:\WINDOWS\System32\IMM32.DLL
0x00007ffd01140000 - 0x00007ffd011db000 	C:\Program Files\Java\jdk-11.0.9\bin\msvcp140.dll
0x00007ffca6b70000 - 0x00007ffca7667000 	C:\Program Files\Java\jdk-11.0.9\bin\server\jvm.dll
0x00007ffd1d620000 - 0x00007ffd1d628000 	C:\WINDOWS\System32\PSAPI.DLL
0x00007ffd14ba0000 - 0x00007ffd14bc7000 	C:\WINDOWS\SYSTEM32\WINMM.dll
0x00007ffd19c50000 - 0x00007ffd19c59000 	C:\WINDOWS\SYSTEM32\WSOCK32.dll
0x00007ffd1d5b0000 - 0x00007ffd1d61b000 	C:\WINDOWS\System32\WS2_32.dll
0x00007ffd1b210000 - 0x00007ffd1b222000 	C:\WINDOWS\SYSTEM32\kernel.appcore.dll
0x00007ffd18190000 - 0x00007ffd181a0000 	C:\Program Files\Java\jdk-11.0.9\bin\verify.dll
0x00007ffd1a4a0000 - 0x00007ffd1a684000 	C:\WINDOWS\SYSTEM32\DBGHELP.DLL
0x00007ffd09dd0000 - 0x00007ffd09dfc000 	C:\WINDOWS\SYSTEM32\dbgcore.DLL
0x00007ffd1ceb0000 - 0x00007ffd1cf30000 	C:\WINDOWS\System32\bcryptPrimitives.dll
0x00007ffd050e0000 - 0x00007ffd05108000 	C:\Program Files\Java\jdk-11.0.9\bin\java.dll
0x00007ffd15e80000 - 0x00007ffd15e8a000 	C:\Program Files\Java\jdk-11.0.9\bin\jimage.dll
0x00007ffd05420000 - 0x00007ffd05436000 	C:\Program Files\Java\jdk-11.0.9\bin\zip.dll
0x00007ffd1df80000 - 0x00007ffd1e6c3000 	C:\WINDOWS\System32\SHELL32.dll
0x00007ffd1a980000 - 0x00007ffd1b10f000 	C:\WINDOWS\SYSTEM32\windows.storage.dll
0x00007ffd1ed40000 - 0x00007ffd1f096000 	C:\WINDOWS\System32\combase.dll
0x00007ffd1c340000 - 0x00007ffd1c36c000 	C:\WINDOWS\SYSTEM32\Wldp.dll
0x00007ffd1d630000 - 0x00007ffd1d6de000 	C:\WINDOWS\System32\SHCORE.dll
0x00007ffd1de90000 - 0x00007ffd1dee5000 	C:\WINDOWS\System32\shlwapi.dll
0x00007ffd1c810000 - 0x00007ffd1c836000 	C:\WINDOWS\SYSTEM32\profapi.dll
0x00007ffd03f10000 - 0x00007ffd03f29000 	C:\Program Files\Java\jdk-11.0.9\bin\net.dll
0x00007ffd15a30000 - 0x00007ffd15b30000 	C:\WINDOWS\SYSTEM32\WINHTTP.dll
0x00007ffd1c0c0000 - 0x00007ffd1c12a000 	C:\WINDOWS\system32\mswsock.dll
0x00007ffd01120000 - 0x00007ffd01132000 	C:\Program Files\Java\jdk-11.0.9\bin\nio.dll
0x00007ffd1c2a0000 - 0x00007ffd1c2b8000 	C:\WINDOWS\SYSTEM32\CRYPTSP.dll
0x00007ffd1b9f0000 - 0x00007ffd1ba24000 	C:\WINDOWS\system32\rsaenh.dll
0x00007ffd1cd20000 - 0x00007ffd1cd47000 	C:\WINDOWS\System32\bcrypt.dll
0x00007ffd1c790000 - 0x00007ffd1c7be000 	C:\WINDOWS\SYSTEM32\USERENV.dll
0x00007ffd1c290000 - 0x00007ffd1c29c000 	C:\WINDOWS\SYSTEM32\CRYPTBASE.dll
0x00007ffd1bd60000 - 0x00007ffd1bd9b000 	C:\WINDOWS\SYSTEM32\IPHLPAPI.DLL
0x00007ffd1d330000 - 0x00007ffd1d338000 	C:\WINDOWS\System32\NSI.dll
0x00007ffd16540000 - 0x00007ffd16557000 	C:\WINDOWS\SYSTEM32\dhcpcsvc6.DLL
0x00007ffd16520000 - 0x00007ffd1653d000 	C:\WINDOWS\SYSTEM32\dhcpcsvc.DLL
0x00007ffd1bdb0000 - 0x00007ffd1be7b000 	C:\WINDOWS\SYSTEM32\DNSAPI.dll
0x00007ffd17fc0000 - 0x00007ffd17fca000 	C:\Users\vanlo\AppData\Local\Temp\jansi-1.17.1-6471922918893406767.dll
0x00007ffd16100000 - 0x00007ffd1610a000 	C:\Users\vanlo\AppData\Local\Temp\jansi-1.17.1-17840353334466613712.dll

dbghelp: loaded successfully - version: 4.0.5 - missing functions: none
symbol engine: initialized successfully - sym options: 0x614 - pdb path: .;C:\Program Files\Java\jdk-11.0.9\bin;C:\WINDOWS\SYSTEM32;C:\WINDOWS\WinSxS\amd64_microsoft.windows.common-controls_6595b64144ccf1df_6.0.19041.746_none_ca02b4b61b8320a4;C:\Program Files\Java\jdk-11.0.9\bin\server;C:\Users\vanlo\AppData\Local\Temp

VM Arguments:
jvm_args: -Dmaven.home=EMBEDDED -Dclassworlds.conf=D:\Working\Sources\phoenixrs\.metadata\.plugins\org.eclipse.m2e.launching\launches\m2conf12440047039251847463.tmp -Dmaven.multiModuleProjectDirectory=D:\Working\Sources\phoenixrs\api -Dfile.encoding=Cp1252 
java_command: org.codehaus.plexus.classworlds.launcher.Launcher -B -U -Dmaven.test.skip=true -DskipTests clean install -Ptest
java_class_path (initial): C:\Users\vanlo\.p2\pool\plugins\org.eclipse.m2e.maven.runtime_1.16.0.20200610-1735\jars\plexus-classworlds-2.6.0.jar
Launcher Type: SUN_STANDARD

[Global flags]
     intx CICompilerCount                          = 4                                         {product} {ergonomic}
     uint ConcGCThreads                            = 2                                         {product} {ergonomic}
     uint G1ConcRefinementThreads                  = 8                                         {product} {ergonomic}
   size_t G1HeapRegionSize                         = 1048576                                   {product} {ergonomic}
    uintx GCDrainStackTargetSize                   = 64                                        {product} {ergonomic}
   size_t InitialHeapSize                          = 201326592                                 {product} {ergonomic}
   size_t MarkStackSize                            = 4194304                                   {product} {ergonomic}
   size_t MaxHeapSize                              = 3206545408                                {product} {ergonomic}
   size_t MaxNewSize                               = 1923088384                                {product} {ergonomic}
   size_t MinHeapDeltaBytes                        = 1048576                                   {product} {ergonomic}
    uintx NonNMethodCodeHeapSize                   = 5836300                                {pd product} {ergonomic}
    uintx NonProfiledCodeHeapSize                  = 122910970                              {pd product} {ergonomic}
    uintx ProfiledCodeHeapSize                     = 122910970                              {pd product} {ergonomic}
    uintx ReservedCodeCacheSize                    = 251658240                              {pd product} {ergonomic}
     bool SegmentedCodeCache                       = true                                      {product} {ergonomic}
     bool UseCompressedClassPointers               = true                                 {lp64_product} {ergonomic}
     bool UseCompressedOops                        = true                                 {lp64_product} {ergonomic}
     bool UseG1GC                                  = true                                      {product} {ergonomic}
     bool UseLargePagesIndividualAllocation        = false                                  {pd product} {ergonomic}

Logging:
Log output configuration:
 #0: stdout all=warning uptime,level,tags
 #1: stderr all=off uptime,level,tags

Environment Variables:
PATH=C:\Program Files\Common Files\Oracle\Java\javapath;C:\Python38\Scripts\;C:\Python38\;C:\WINDOWS\system32;C:\WINDOWS;C:\WINDOWS\System32\Wbem;C:\WINDOWS\System32\WindowsPowerShell\v1.0\;C:\WINDOWS\System32\OpenSSH\;C:\ProgramData\chocolatey\bin;C:\Program Files\PuTTY\;C:\Program Files\Git\cmd;C:\Program Files\TortoiseGit\bin;C:\Program Files\nodejs\;C:\Users\vanlo\AppData\Local\Microsoft\WindowsApps;;C:\Users\vanlo\AppData\Local\Programs\Microsoft VS Code\bin;C:\Program Files\liquibase;C:\Users\vanlo\AppData\Roaming\npm
USERNAME=vanlo
OS=Windows_NT
PROCESSOR_IDENTIFIER=Intel64 Family 6 Model 60 Stepping 3, GenuineIntel



---------------  S Y S T E M  ---------------

OS: Windows 10 , 64 bit Build 19041 (10.0.19041.662)

CPU:total 8 (initial active 8) (4 cores per cpu, 2 threads per core) family 6 model 60 stepping 3, cmov, cx8, fxsr, mmx, sse, sse2, sse3, ssse3, sse4.1, sse4.2, popcnt, avx, avx2, aes, clmul, erms, lzcnt, ht, tsc, tscinvbit, bmi1, bmi2, fma

Memory: 4k page, system-wide physical 12226M (4M free)
TotalPageFile size 26342M (AvailPageFile size 33M)
current process WorkingSet (physical memory assigned to process): 297M, peak: 297M
current process commit charge ("private bytes"): 356M, peak: 406M

vm_info: Java HotSpot(TM) 64-Bit Server VM (11.0.9+7-LTS) for windows-amd64 JRE (11.0.9+7-LTS), built on Sep 15 2020 16:47:03 by "mach5one" with MS VC++ 15.9 (VS2017)

END.
