#
# There is insufficient memory for the Java Runtime Environment to continue.
# Native memory allocation (mmap) failed to map 201326592 bytes for Failed to commit area from 0x000000074ce00000 to 0x0000000758e00000 of length 201326592.
# Possible reasons:
#   The system is out of physical RAM or swap space
#   The process is running with CompressedOops enabled, and the Java Heap may be blocking the growth of the native heap
# Possible solutions:
#   Reduce memory load on the system
#   Increase physical memory or swap space
#   Check if swap backing store is full
#   Decrease Java heap size (-Xmx/-Xms)
#   Decrease number of Java threads
#   Decrease Java thread stack sizes (-Xss)
#   Set larger code cache with -XX:ReservedCodeCacheSize=
#   JVM is running with Zero Based Compressed Oops mode in which the Java heap is
#     placed in the first 32GB address space. The Java Heap base address is the
#     maximum limit for the native heap growth. Please use -XX:HeapBaseMinAddress
#     to set the Java Heap base and to place the Java Heap above 32GB virtual address.
# This output file may be truncated or incomplete.
#
#  Out of Memory Error (./open/src/hotspot/os/windows/os_windows.cpp:3275), pid=383016, tid=384636
#
# JRE version: Java(TM) SE Runtime Environment 18.9 (11.0.9+7) (build 11.0.9+7-LTS)
# Java VM: Java HotSpot(TM) 64-Bit Server VM 18.9 (11.0.9+7-LTS, mixed mode, tiered, compressed oops, g1 gc, windows-amd64)
# No core dump will be written. Minidumps are not enabled by default on client versions of Windows
#

---------------  S U M M A R Y ------------

Command Line: -Dmaven.home=EMBEDDED -Dclassworlds.conf=D:\Working\Sources\phoenixrs\.metadata\.plugins\org.eclipse.m2e.launching\launches\m2conf7664235437942481643.tmp -Dmaven.multiModuleProjectDirectory=D:\Working\Sources\phoenixrs\api -Dfile.encoding=Cp1252 org.codehaus.plexus.classworlds.launcher.Launcher -B -U -Dmaven.test.skip=true -DskipTests clean install -Ptest

Host: Intel(R) Core(TM) i7-4790 CPU @ 3.60GHz, 8 cores, 11G,  Windows 10 , 64 bit Build 19041 (10.0.19041.662)
Time: Fri Feb  5 02:17:15 2021 Pacific Standard Time elapsed time: 8.680739 seconds (0d 0h 0m 8s)

---------------  T H R E A D  ---------------

Current thread (0x000001d9294ff800):  VMThread "VM Thread" [stack: 0x00000063a0200000,0x00000063a0300000] [id=384636]

Stack: [0x00000063a0200000,0x00000063a0300000]
[error occurred during error reporting (printing stack bounds), id 0xc0000005, EXCEPTION_ACCESS_VIOLATION (0xc0000005) at pc=0x000001d90fd90dad]

Native frames: (J=compiled Java code, j=interpreted, Vv=VM code, C=native code)
V  [jvm.dll+0x611a3a]
V  [jvm.dll+0x748aaf]
V  [jvm.dll+0x74a135]
V  [jvm.dll+0x74a715]
V  [jvm.dll+0x74a6cb]
V  [jvm.dll+0x611323]
V  [jvm.dll+0x6116e8]
C  [ntdll.dll+0xa130f]
C  [ntdll.dll+0x4b5e4]
C  [ntdll.dll+0x9fe3e]
C  0x000001d90fd90dad

VM_Operation (0x000000639fcfc600): G1CollectForAllocation, mode: safepoint, requested by thread 0x000001d9078e5800


---------------  P R O C E S S  ---------------

Threads class SMR info:
_java_thread_list=0x000001d929eec360, length=10, elements={
0x000001d9078e5800, 0x000001d929501800, 0x000001d929503000, 0x000001d929d96000,
0x000001d929d97000, 0x000001d929d9b000, 0x000001d929d4d800, 0x000001d929509000,
0x000001d929f06800, 0x000001d929f0b800
}

Java Threads: ( => current thread )
  0x000001d9078e5800 JavaThread "main" [_thread_blocked, id=385100, stack(0x000000639fc00000,0x000000639fd00000)]
  0x000001d929501800 JavaThread "Reference Handler" daemon [_thread_blocked, id=382180, stack(0x00000063a0300000,0x00000063a0400000)]
  0x000001d929503000 JavaThread "Finalizer" daemon [_thread_blocked, id=384352, stack(0x00000063a0400000,0x00000063a0500000)]
  0x000001d929d96000 JavaThread "Signal Dispatcher" daemon [_thread_blocked, id=385952, stack(0x00000063a0500000,0x00000063a0600000)]
  0x000001d929d97000 JavaThread "Attach Listener" daemon [_thread_blocked, id=385124, stack(0x00000063a0600000,0x00000063a0700000)]
  0x000001d929d9b000 JavaThread "C2 CompilerThread0" daemon [_thread_blocked, id=384776, stack(0x00000063a0700000,0x00000063a0800000)]
  0x000001d929d4d800 JavaThread "C1 CompilerThread0" daemon [_thread_blocked, id=384716, stack(0x00000063a0800000,0x00000063a0900000)]
  0x000001d929509000 JavaThread "Sweeper thread" daemon [_thread_blocked, id=385060, stack(0x00000063a0900000,0x00000063a0a00000)]
  0x000001d929f06800 JavaThread "Service Thread" daemon [_thread_blocked, id=339504, stack(0x00000063a0a00000,0x00000063a0b00000)]
  0x000001d929f0b800 JavaThread "Common-Cleaner" daemon [_thread_blocked, id=381784, stack(0x00000063a0c00000,0x00000063a0d00000)]

Other Threads:
=>0x000001d9294ff800 VMThread "VM Thread" [stack: 0x00000063a0200000,0x00000063a0300000] [id=384636]
  0x000001d929f0b000 WatcherThread [stack: 0x00000063a0b00000,0x00000063a0c00000] [id=380100]
  0x000001d9078fa800 GCTaskThread "GC Thread#0" [stack: 0x000000639fd00000,0x000000639fe00000] [id=385092]
  0x000001d92aa07800 GCTaskThread "GC Thread#1" [stack: 0x00000063a0d00000,0x00000063a0e00000] [id=380088]
  0x000001d92a973800 GCTaskThread "GC Thread#2" [stack: 0x00000063a0e00000,0x00000063a0f00000] [id=382352]
  0x000001d92b2ef000 GCTaskThread "GC Thread#3" [stack: 0x00000063a0f00000,0x00000063a1000000] [id=383136]
  0x000001d907943000 ConcurrentGCThread "G1 Main Marker" [stack: 0x000000639fe00000,0x000000639ff00000] [id=385996]
  0x000001d907945000 ConcurrentGCThread "G1 Conc#0" [stack: 0x000000639ff00000,0x00000063a0000000] [id=383712]
  0x000001d92b96b800 ConcurrentGCThread "G1 Conc#1" [stack: 0x00000063a1000000,0x00000063a1100000] [id=378044]
  0x000001d929368800 ConcurrentGCThread "G1 Refine#0" [stack: 0x00000063a0000000,0x00000063a0100000] [id=385972]
  0x000001d92b367800 ConcurrentGCThread "G1 Refine#1" [stack: 0x00000063a1100000,0x00000063a1200000] [id=385352]
  0x000001d92c04b800 ConcurrentGCThread "G1 Refine#2" [stack: 0x00000063a1200000,0x00000063a1300000] [id=382020]
  0x000001d9079ce000 ConcurrentGCThread "G1 Young RemSet Sampling" [stack: 0x00000063a0100000,0x00000063a0200000] [id=383124]

Threads with active compile tasks:
C2 CompilerThread0   8700 6378   !   4       jdk.internal.loader.URLClassPath$JarLoader::getResource (65 bytes)

VM state:at safepoint (normal execution)

VM Mutex/Monitor currently owned by a thread:  ([mutex/lock_event])
[0x000001d9078e2f90] Threads_lock - owner thread: 0x000001d9294ff800
[0x000001d9078e2ba0] Heap_lock - owner thread: 0x000001d9078e5800

Heap address: 0x0000000740e00000, size: 3058 MB, Compressed Oops mode: Zero based, Oop shift amount: 3
Narrow klass base: 0x0000000800000000, Narrow klass shift: 0
Compressed class space size: 1073741824 Address: 0x0000000800000000

Heap:
 garbage-first heap   total 393216K, used 55808K [0x0000000740e00000, 0x0000000800000000)
  region size 1024K, 11 young (11264K), 11 survivors (11264K)
 Metaspace       used 34585K, capacity 35422K, committed 35632K, reserved 1081344K
  class space    used 3565K, capacity 3861K, committed 3968K, reserved 1048576K
Heap Regions: E=young(eden), S=young(survivor), O=old, HS=humongous(starts), HC=humongous(continues), CS=collection set, F=free, A=archive, TAMS=top-at-mark-start (previous, next)
|   0|0x0000000740e00000, 0x0000000740f00000, 0x0000000740f00000|100%| O|  |TAMS 0x0000000740e42e00, 0x0000000740e00000| Untracked 
|   1|0x0000000740f00000, 0x0000000741000000, 0x0000000741000000|100%| O|  |TAMS 0x0000000740f00000, 0x0000000740f00000| Untracked 
|   2|0x0000000741000000, 0x0000000741100000, 0x0000000741100000|100%| O|  |TAMS 0x0000000741000000, 0x0000000741000000| Untracked 
|   3|0x0000000741100000, 0x0000000741200000, 0x0000000741200000|100%| O|  |TAMS 0x0000000741100000, 0x0000000741100000| Untracked 
|   4|0x0000000741200000, 0x0000000741300000, 0x0000000741300000|100%| O|  |TAMS 0x0000000741200000, 0x0000000741200000| Untracked 
|   5|0x0000000741300000, 0x0000000741400000, 0x0000000741400000|100%| O|  |TAMS 0x0000000741300000, 0x0000000741300000| Untracked 
|   6|0x0000000741400000, 0x0000000741500000, 0x0000000741500000|100%| O|  |TAMS 0x0000000741400000, 0x0000000741400000| Untracked 
|   7|0x0000000741500000, 0x0000000741600000, 0x0000000741600000|100%| O|  |TAMS 0x0000000741500000, 0x0000000741500000| Untracked 
|   8|0x0000000741600000, 0x0000000741700000, 0x0000000741700000|100%| O|  |TAMS 0x0000000741600000, 0x0000000741600000| Untracked 
|   9|0x0000000741700000, 0x0000000741800000, 0x0000000741800000|100%| O|  |TAMS 0x0000000741700000, 0x0000000741700000| Untracked 
|  10|0x0000000741800000, 0x0000000741900000, 0x0000000741900000|100%| O|  |TAMS 0x0000000741800000, 0x0000000741800000| Untracked 
|  11|0x0000000741900000, 0x0000000741a00000, 0x0000000741a00000|100%| O|  |TAMS 0x0000000741900000, 0x0000000741900000| Untracked 
|  12|0x0000000741a00000, 0x0000000741b00000, 0x0000000741b00000|100%| O|  |TAMS 0x0000000741a00000, 0x0000000741a00000| Untracked 
|  13|0x0000000741b00000, 0x0000000741c00000, 0x0000000741c00000|100%| O|  |TAMS 0x0000000741b00000, 0x0000000741b00000| Untracked 
|  14|0x0000000741c00000, 0x0000000741d00000, 0x0000000741d00000|100%| O|  |TAMS 0x0000000741c00000, 0x0000000741c00000| Untracked 
|  15|0x0000000741d00000, 0x0000000741d00000, 0x0000000741e00000|  0%| F|  |TAMS 0x0000000741d00000, 0x0000000741d00000| Untracked 
|  16|0x0000000741e00000, 0x0000000741f00000, 0x0000000741f00000|100%| O|  |TAMS 0x0000000741e00000, 0x0000000741e00000| Untracked 
|  17|0x0000000741f00000, 0x0000000742000000, 0x0000000742000000|100%| O|  |TAMS 0x0000000741f00000, 0x0000000741f00000| Untracked 
|  18|0x0000000742000000, 0x0000000742100000, 0x0000000742100000|100%| O|  |TAMS 0x0000000742000000, 0x0000000742000000| Untracked 
|  19|0x0000000742100000, 0x0000000742200000, 0x0000000742200000|100%| O|  |TAMS 0x0000000742100000, 0x0000000742100000| Untracked 
|  20|0x0000000742200000, 0x0000000742300000, 0x0000000742300000|100%| O|  |TAMS 0x0000000742200000, 0x0000000742200000| Untracked 
|  21|0x0000000742300000, 0x0000000742400000, 0x0000000742400000|100%| O|  |TAMS 0x0000000742300000, 0x0000000742300000| Untracked 
|  22|0x0000000742400000, 0x0000000742500000, 0x0000000742500000|100%| O|  |TAMS 0x0000000742400000, 0x0000000742400000| Untracked 
|  23|0x0000000742500000, 0x0000000742600000, 0x0000000742600000|100%| O|  |TAMS 0x0000000742500000, 0x0000000742500000| Untracked 
|  24|0x0000000742600000, 0x0000000742700000, 0x0000000742700000|100%| O|  |TAMS 0x0000000742600000, 0x0000000742600000| Untracked 
|  25|0x0000000742700000, 0x0000000742800000, 0x0000000742800000|100%| O|  |TAMS 0x0000000742700000, 0x0000000742700000| Untracked 
|  26|0x0000000742800000, 0x0000000742900000, 0x0000000742900000|100%| O|  |TAMS 0x0000000742800000, 0x0000000742800000| Untracked 
|  27|0x0000000742900000, 0x0000000742a00000, 0x0000000742a00000|100%| O|  |TAMS 0x0000000742900000, 0x0000000742900000| Untracked 
|  28|0x0000000742a00000, 0x0000000742b00000, 0x0000000742b00000|100%| O|  |TAMS 0x0000000742a00000, 0x0000000742a00000| Untracked 
|  29|0x0000000742b00000, 0x0000000742c00000, 0x0000000742c00000|100%| O|  |TAMS 0x0000000742b00000, 0x0000000742b00000| Untracked 
|  30|0x0000000742c00000, 0x0000000742d00000, 0x0000000742d00000|100%| O|  |TAMS 0x0000000742c00000, 0x0000000742c00000| Untracked 
|  31|0x0000000742d00000, 0x0000000742e00000, 0x0000000742e00000|100%|HS|  |TAMS 0x0000000742d00000, 0x0000000742d00000| Complete 
|  32|0x0000000742e00000, 0x0000000742f00000, 0x0000000742f00000|100%|HC|  |TAMS 0x0000000742e00000, 0x0000000742e00000| Complete 
|  33|0x0000000742f00000, 0x0000000743000000, 0x0000000743000000|100%| O|  |TAMS 0x0000000742f00000, 0x0000000742f00000| Untracked 
|  34|0x0000000743000000, 0x0000000743100000, 0x0000000743100000|100%| O|  |TAMS 0x0000000743000000, 0x0000000743000000| Untracked 
|  35|0x0000000743100000, 0x0000000743200000, 0x0000000743200000|100%| O|  |TAMS 0x0000000743100000, 0x0000000743100000| Untracked 
|  36|0x0000000743200000, 0x0000000743300000, 0x0000000743300000|100%| O|  |TAMS 0x0000000743200000, 0x0000000743200000| Untracked 
|  37|0x0000000743300000, 0x0000000743400000, 0x0000000743400000|100%| O|  |TAMS 0x0000000743300000, 0x0000000743300000| Untracked 
|  38|0x0000000743400000, 0x0000000743500000, 0x0000000743500000|100%| O|  |TAMS 0x0000000743400000, 0x0000000743400000| Untracked 
|  39|0x0000000743500000, 0x0000000743600000, 0x0000000743600000|100%| O|  |TAMS 0x0000000743500000, 0x0000000743500000| Untracked 
|  40|0x0000000743600000, 0x0000000743700000, 0x0000000743700000|100%| O|  |TAMS 0x0000000743600000, 0x0000000743600000| Untracked 
|  41|0x0000000743700000, 0x0000000743800000, 0x0000000743800000|100%| O|  |TAMS 0x0000000743700000, 0x0000000743700000| Untracked 
|  42|0x0000000743800000, 0x0000000743900000, 0x0000000743900000|100%| O|  |TAMS 0x0000000743800000, 0x0000000743800000| Untracked 
|  43|0x0000000743900000, 0x0000000743a00000, 0x0000000743a00000|100%| O|  |TAMS 0x0000000743900000, 0x0000000743900000| Untracked 
|  44|0x0000000743a00000, 0x0000000743a80000, 0x0000000743b00000| 50%| O|  |TAMS 0x0000000743a00000, 0x0000000743a00000| Untracked 
|  45|0x0000000743b00000, 0x0000000743b00000, 0x0000000743c00000|  0%| F|  |TAMS 0x0000000743b00000, 0x0000000743b00000| Untracked 
|  46|0x0000000743c00000, 0x0000000743c00000, 0x0000000743d00000|  0%| F|  |TAMS 0x0000000743c00000, 0x0000000743c00000| Untracked 
|  47|0x0000000743d00000, 0x0000000743d00000, 0x0000000743e00000|  0%| F|  |TAMS 0x0000000743d00000, 0x0000000743d00000| Untracked 
|  48|0x0000000743e00000, 0x0000000743e00000, 0x0000000743f00000|  0%| F|  |TAMS 0x0000000743e00000, 0x0000000743e00000| Untracked 
|  49|0x0000000743f00000, 0x0000000743f00000, 0x0000000744000000|  0%| F|  |TAMS 0x0000000743f00000, 0x0000000743f00000| Untracked 
|  50|0x0000000744000000, 0x0000000744000000, 0x0000000744100000|  0%| F|  |TAMS 0x0000000744000000, 0x0000000744000000| Untracked 
|  51|0x0000000744100000, 0x0000000744100000, 0x0000000744200000|  0%| F|  |TAMS 0x0000000744100000, 0x0000000744100000| Untracked 
|  52|0x0000000744200000, 0x0000000744200000, 0x0000000744300000|  0%| F|  |TAMS 0x0000000744200000, 0x0000000744200000| Untracked 
|  53|0x0000000744300000, 0x0000000744300000, 0x0000000744400000|  0%| F|  |TAMS 0x0000000744300000, 0x0000000744300000| Untracked 
|  54|0x0000000744400000, 0x0000000744400000, 0x0000000744500000|  0%| F|  |TAMS 0x0000000744400000, 0x0000000744400000| Untracked 
|  55|0x0000000744500000, 0x0000000744500000, 0x0000000744600000|  0%| F|  |TAMS 0x0000000744500000, 0x0000000744500000| Untracked 
|  56|0x0000000744600000, 0x0000000744600000, 0x0000000744700000|  0%| F|  |TAMS 0x0000000744600000, 0x0000000744600000| Untracked 
|  57|0x0000000744700000, 0x0000000744700000, 0x0000000744800000|  0%| F|  |TAMS 0x0000000744700000, 0x0000000744700000| Untracked 
|  58|0x0000000744800000, 0x0000000744800000, 0x0000000744900000|  0%| F|  |TAMS 0x0000000744800000, 0x0000000744800000| Untracked 
|  59|0x0000000744900000, 0x0000000744900000, 0x0000000744a00000|  0%| F|  |TAMS 0x0000000744900000, 0x0000000744900000| Untracked 
|  60|0x0000000744a00000, 0x0000000744a00000, 0x0000000744b00000|  0%| F|  |TAMS 0x0000000744a00000, 0x0000000744a00000| Untracked 
|  61|0x0000000744b00000, 0x0000000744b00000, 0x0000000744c00000|  0%| F|  |TAMS 0x0000000744b00000, 0x0000000744b00000| Untracked 
|  62|0x0000000744c00000, 0x0000000744c00000, 0x0000000744d00000|  0%| F|  |TAMS 0x0000000744c00000, 0x0000000744c00000| Untracked 
|  63|0x0000000744d00000, 0x0000000744d00000, 0x0000000744e00000|  0%| F|  |TAMS 0x0000000744d00000, 0x0000000744d00000| Untracked 
|  64|0x0000000744e00000, 0x0000000744e00000, 0x0000000744f00000|  0%| F|  |TAMS 0x0000000744e00000, 0x0000000744e00000| Untracked 
|  65|0x0000000744f00000, 0x0000000744f00000, 0x0000000745000000|  0%| F|  |TAMS 0x0000000744f00000, 0x0000000744f00000| Untracked 
|  66|0x0000000745000000, 0x0000000745000000, 0x0000000745100000|  0%| F|  |TAMS 0x0000000745000000, 0x0000000745000000| Untracked 
|  67|0x0000000745100000, 0x0000000745100000, 0x0000000745200000|  0%| F|  |TAMS 0x0000000745100000, 0x0000000745100000| Untracked 
|  68|0x0000000745200000, 0x0000000745200000, 0x0000000745300000|  0%| F|  |TAMS 0x0000000745200000, 0x0000000745200000| Untracked 
|  69|0x0000000745300000, 0x0000000745300000, 0x0000000745400000|  0%| F|  |TAMS 0x0000000745300000, 0x0000000745300000| Untracked 
|  70|0x0000000745400000, 0x0000000745400000, 0x0000000745500000|  0%| F|  |TAMS 0x0000000745400000, 0x0000000745400000| Untracked 
|  71|0x0000000745500000, 0x0000000745500000, 0x0000000745600000|  0%| F|  |TAMS 0x0000000745500000, 0x0000000745500000| Untracked 
|  72|0x0000000745600000, 0x0000000745600000, 0x0000000745700000|  0%| F|  |TAMS 0x0000000745600000, 0x0000000745600000| Untracked 
|  73|0x0000000745700000, 0x0000000745700000, 0x0000000745800000|  0%| F|  |TAMS 0x0000000745700000, 0x0000000745700000| Untracked 
|  74|0x0000000745800000, 0x0000000745800000, 0x0000000745900000|  0%| F|  |TAMS 0x0000000745800000, 0x0000000745800000| Untracked 
|  75|0x0000000745900000, 0x0000000745900000, 0x0000000745a00000|  0%| F|  |TAMS 0x0000000745900000, 0x0000000745900000| Untracked 
|  76|0x0000000745a00000, 0x0000000745a00000, 0x0000000745b00000|  0%| F|  |TAMS 0x0000000745a00000, 0x0000000745a00000| Untracked 
|  77|0x0000000745b00000, 0x0000000745b00000, 0x0000000745c00000|  0%| F|  |TAMS 0x0000000745b00000, 0x0000000745b00000| Untracked 
|  78|0x0000000745c00000, 0x0000000745c00000, 0x0000000745d00000|  0%| F|  |TAMS 0x0000000745c00000, 0x0000000745c00000| Untracked 
|  79|0x0000000745d00000, 0x0000000745d00000, 0x0000000745e00000|  0%| F|  |TAMS 0x0000000745d00000, 0x0000000745d00000| Untracked 
|  80|0x0000000745e00000, 0x0000000745e00000, 0x0000000745f00000|  0%| F|  |TAMS 0x0000000745e00000, 0x0000000745e00000| Untracked 
|  81|0x0000000745f00000, 0x0000000745f00000, 0x0000000746000000|  0%| F|  |TAMS 0x0000000745f00000, 0x0000000745f00000| Untracked 
|  82|0x0000000746000000, 0x0000000746000000, 0x0000000746100000|  0%| F|  |TAMS 0x0000000746000000, 0x0000000746000000| Untracked 
|  83|0x0000000746100000, 0x0000000746100000, 0x0000000746200000|  0%| F|  |TAMS 0x0000000746100000, 0x0000000746100000| Untracked 
|  84|0x0000000746200000, 0x0000000746200000, 0x0000000746300000|  0%| F|  |TAMS 0x0000000746200000, 0x0000000746200000| Untracked 
|  85|0x0000000746300000, 0x0000000746300000, 0x0000000746400000|  0%| F|  |TAMS 0x0000000746300000, 0x0000000746300000| Untracked 
|  86|0x0000000746400000, 0x0000000746400000, 0x0000000746500000|  0%| F|  |TAMS 0x0000000746400000, 0x0000000746400000| Untracked 
|  87|0x0000000746500000, 0x0000000746500000, 0x0000000746600000|  0%| F|  |TAMS 0x0000000746500000, 0x0000000746500000| Untracked 
|  88|0x0000000746600000, 0x0000000746600000, 0x0000000746700000|  0%| F|  |TAMS 0x0000000746600000, 0x0000000746600000| Untracked 
|  89|0x0000000746700000, 0x0000000746700000, 0x0000000746800000|  0%| F|  |TAMS 0x0000000746700000, 0x0000000746700000| Untracked 
|  90|0x0000000746800000, 0x0000000746800000, 0x0000000746900000|  0%| F|  |TAMS 0x0000000746800000, 0x0000000746800000| Untracked 
|  91|0x0000000746900000, 0x0000000746900000, 0x0000000746a00000|  0%| F|  |TAMS 0x0000000746900000, 0x0000000746900000| Untracked 
|  92|0x0000000746a00000, 0x0000000746a00000, 0x0000000746b00000|  0%| F|  |TAMS 0x0000000746a00000, 0x0000000746a00000| Untracked 
|  93|0x0000000746b00000, 0x0000000746b00000, 0x0000000746c00000|  0%| F|  |TAMS 0x0000000746b00000, 0x0000000746b00000| Untracked 
|  94|0x0000000746c00000, 0x0000000746d00000, 0x0000000746d00000|100%| S|CS|TAMS 0x0000000746c00000, 0x0000000746c00000| Complete 
|  95|0x0000000746d00000, 0x0000000746e00000, 0x0000000746e00000|100%| S|CS|TAMS 0x0000000746d00000, 0x0000000746d00000| Complete 
|  96|0x0000000746e00000, 0x0000000746f00000, 0x0000000746f00000|100%| S|CS|TAMS 0x0000000746e00000, 0x0000000746e00000| Complete 
|  97|0x0000000746f00000, 0x0000000747000000, 0x0000000747000000|100%| S|CS|TAMS 0x0000000746f00000, 0x0000000746f00000| Complete 
|  98|0x0000000747000000, 0x0000000747100000, 0x0000000747100000|100%| S|CS|TAMS 0x0000000747000000, 0x0000000747000000| Complete 
|  99|0x0000000747100000, 0x0000000747200000, 0x0000000747200000|100%| S|CS|TAMS 0x0000000747100000, 0x0000000747100000| Complete 
| 100|0x0000000747200000, 0x0000000747300000, 0x0000000747300000|100%| S|CS|TAMS 0x0000000747200000, 0x0000000747200000| Complete 
| 101|0x0000000747300000, 0x0000000747400000, 0x0000000747400000|100%| S|CS|TAMS 0x0000000747300000, 0x0000000747300000| Complete 
| 102|0x0000000747400000, 0x0000000747500000, 0x0000000747500000|100%| S|CS|TAMS 0x0000000747400000, 0x0000000747400000| Complete 
| 103|0x0000000747500000, 0x0000000747600000, 0x0000000747600000|100%| S|CS|TAMS 0x0000000747500000, 0x0000000747500000| Complete 
| 104|0x0000000747600000, 0x0000000747700000, 0x0000000747700000|100%| S|CS|TAMS 0x0000000747600000, 0x0000000747600000| Complete 
| 105|0x0000000747700000, 0x0000000747700000, 0x0000000747800000|  0%| F|  |TAMS 0x0000000747700000, 0x0000000747700000| Untracked 
| 106|0x0000000747800000, 0x0000000747800000, 0x0000000747900000|  0%| F|  |TAMS 0x0000000747800000, 0x0000000747800000| Untracked 
| 107|0x0000000747900000, 0x0000000747900000, 0x0000000747a00000|  0%| F|  |TAMS 0x0000000747900000, 0x0000000747900000| Untracked 
| 108|0x0000000747a00000, 0x0000000747a00000, 0x0000000747b00000|  0%| F|  |TAMS 0x0000000747a00000, 0x0000000747a00000| Untracked 
| 109|0x0000000747b00000, 0x0000000747b00000, 0x0000000747c00000|  0%| F|  |TAMS 0x0000000747b00000, 0x0000000747b00000| Untracked 
| 110|0x0000000747c00000, 0x0000000747c00000, 0x0000000747d00000|  0%| F|  |TAMS 0x0000000747c00000, 0x0000000747c00000| Untracked 
| 111|0x0000000747d00000, 0x0000000747d00000, 0x0000000747e00000|  0%| F|  |TAMS 0x0000000747d00000, 0x0000000747d00000| Untracked 
| 112|0x0000000747e00000, 0x0000000747e00000, 0x0000000747f00000|  0%| F|  |TAMS 0x0000000747e00000, 0x0000000747e00000| Untracked 
| 113|0x0000000747f00000, 0x0000000747f00000, 0x0000000748000000|  0%| F|  |TAMS 0x0000000747f00000, 0x0000000747f00000| Untracked 
| 114|0x0000000748000000, 0x0000000748000000, 0x0000000748100000|  0%| F|  |TAMS 0x0000000748000000, 0x0000000748000000| Untracked 
| 115|0x0000000748100000, 0x0000000748100000, 0x0000000748200000|  0%| F|  |TAMS 0x0000000748100000, 0x0000000748100000| Untracked 
| 116|0x0000000748200000, 0x0000000748200000, 0x0000000748300000|  0%| F|  |TAMS 0x0000000748200000, 0x0000000748200000| Untracked 
| 117|0x0000000748300000, 0x0000000748300000, 0x0000000748400000|  0%| F|  |TAMS 0x0000000748300000, 0x0000000748300000| Untracked 
| 118|0x0000000748400000, 0x0000000748400000, 0x0000000748500000|  0%| F|  |TAMS 0x0000000748400000, 0x0000000748400000| Untracked 
| 119|0x0000000748500000, 0x0000000748500000, 0x0000000748600000|  0%| F|  |TAMS 0x0000000748500000, 0x0000000748500000| Untracked 
| 120|0x0000000748600000, 0x0000000748600000, 0x0000000748700000|  0%| F|  |TAMS 0x0000000748600000, 0x0000000748600000| Untracked 
| 121|0x0000000748700000, 0x0000000748700000, 0x0000000748800000|  0%| F|  |TAMS 0x0000000748700000, 0x0000000748700000| Untracked 
| 122|0x0000000748800000, 0x0000000748800000, 0x0000000748900000|  0%| F|  |TAMS 0x0000000748800000, 0x0000000748800000| Untracked 
| 123|0x0000000748900000, 0x0000000748900000, 0x0000000748a00000|  0%| F|  |TAMS 0x0000000748900000, 0x0000000748900000| Untracked 
| 124|0x0000000748a00000, 0x0000000748a00000, 0x0000000748b00000|  0%| F|  |TAMS 0x0000000748a00000, 0x0000000748a00000| Untracked 
| 125|0x0000000748b00000, 0x0000000748b00000, 0x0000000748c00000|  0%| F|  |TAMS 0x0000000748b00000, 0x0000000748b00000| Untracked 
| 126|0x0000000748c00000, 0x0000000748c00000, 0x0000000748d00000|  0%| F|  |TAMS 0x0000000748c00000, 0x0000000748c00000| Untracked 
| 127|0x0000000748d00000, 0x0000000748d00000, 0x0000000748e00000|  0%| F|  |TAMS 0x0000000748d00000, 0x0000000748d00000| Untracked 
| 128|0x0000000748e00000, 0x0000000748e00000, 0x0000000748f00000|  0%| F|  |TAMS 0x0000000748e00000, 0x0000000748e00000| Untracked 
| 129|0x0000000748f00000, 0x0000000748f00000, 0x0000000749000000|  0%| F|  |TAMS 0x0000000748f00000, 0x0000000748f00000| Untracked 
| 130|0x0000000749000000, 0x0000000749000000, 0x0000000749100000|  0%| F|  |TAMS 0x0000000749000000, 0x0000000749000000| Untracked 
| 131|0x0000000749100000, 0x0000000749100000, 0x0000000749200000|  0%| F|  |TAMS 0x0000000749100000, 0x0000000749100000| Untracked 
| 132|0x0000000749200000, 0x0000000749200000, 0x0000000749300000|  0%| F|  |TAMS 0x0000000749200000, 0x0000000749200000| Untracked 
| 133|0x0000000749300000, 0x0000000749300000, 0x0000000749400000|  0%| F|  |TAMS 0x0000000749300000, 0x0000000749300000| Untracked 
| 134|0x0000000749400000, 0x0000000749400000, 0x0000000749500000|  0%| F|  |TAMS 0x0000000749400000, 0x0000000749400000| Untracked 
| 135|0x0000000749500000, 0x0000000749500000, 0x0000000749600000|  0%| F|  |TAMS 0x0000000749500000, 0x0000000749500000| Untracked 
| 136|0x0000000749600000, 0x0000000749600000, 0x0000000749700000|  0%| F|  |TAMS 0x0000000749600000, 0x0000000749600000| Untracked 
| 137|0x0000000749700000, 0x0000000749700000, 0x0000000749800000|  0%| F|  |TAMS 0x0000000749700000, 0x0000000749700000| Untracked 
| 138|0x0000000749800000, 0x0000000749800000, 0x0000000749900000|  0%| F|  |TAMS 0x0000000749800000, 0x0000000749800000| Untracked 
| 139|0x0000000749900000, 0x0000000749900000, 0x0000000749a00000|  0%| F|  |TAMS 0x0000000749900000, 0x0000000749900000| Untracked 
| 140|0x0000000749a00000, 0x0000000749a00000, 0x0000000749b00000|  0%| F|  |TAMS 0x0000000749a00000, 0x0000000749a00000| Untracked 
| 141|0x0000000749b00000, 0x0000000749b00000, 0x0000000749c00000|  0%| F|  |TAMS 0x0000000749b00000, 0x0000000749b00000| Untracked 
| 142|0x0000000749c00000, 0x0000000749c00000, 0x0000000749d00000|  0%| F|  |TAMS 0x0000000749c00000, 0x0000000749c00000| Untracked 
| 143|0x0000000749d00000, 0x0000000749d00000, 0x0000000749e00000|  0%| F|  |TAMS 0x0000000749d00000, 0x0000000749d00000| Untracked 
| 144|0x0000000749e00000, 0x0000000749e00000, 0x0000000749f00000|  0%| F|  |TAMS 0x0000000749e00000, 0x0000000749e00000| Untracked 
| 145|0x0000000749f00000, 0x0000000749f00000, 0x000000074a000000|  0%| F|  |TAMS 0x0000000749f00000, 0x0000000749f00000| Untracked 
| 146|0x000000074a000000, 0x000000074a000000, 0x000000074a100000|  0%| F|  |TAMS 0x000000074a000000, 0x000000074a000000| Untracked 
| 147|0x000000074a100000, 0x000000074a100000, 0x000000074a200000|  0%| F|  |TAMS 0x000000074a100000, 0x000000074a100000| Untracked 
| 148|0x000000074a200000, 0x000000074a200000, 0x000000074a300000|  0%| F|  |TAMS 0x000000074a200000, 0x000000074a200000| Untracked 
| 149|0x000000074a300000, 0x000000074a300000, 0x000000074a400000|  0%| F|  |TAMS 0x000000074a300000, 0x000000074a300000| Untracked 
| 150|0x000000074a400000, 0x000000074a400000, 0x000000074a500000|  0%| F|  |TAMS 0x000000074a400000, 0x000000074a400000| Untracked 
| 151|0x000000074a500000, 0x000000074a500000, 0x000000074a600000|  0%| F|  |TAMS 0x000000074a500000, 0x000000074a500000| Untracked 
| 152|0x000000074a600000, 0x000000074a600000, 0x000000074a700000|  0%| F|  |TAMS 0x000000074a600000, 0x000000074a600000| Untracked 
| 153|0x000000074a700000, 0x000000074a700000, 0x000000074a800000|  0%| F|  |TAMS 0x000000074a700000, 0x000000074a700000| Untracked 
| 154|0x000000074a800000, 0x000000074a800000, 0x000000074a900000|  0%| F|  |TAMS 0x000000074a800000, 0x000000074a800000| Untracked 
| 155|0x000000074a900000, 0x000000074a900000, 0x000000074aa00000|  0%| F|  |TAMS 0x000000074a900000, 0x000000074a900000| Untracked 
| 156|0x000000074aa00000, 0x000000074aa00000, 0x000000074ab00000|  0%| F|  |TAMS 0x000000074aa00000, 0x000000074aa00000| Untracked 
| 157|0x000000074ab00000, 0x000000074ab00000, 0x000000074ac00000|  0%| F|  |TAMS 0x000000074ab00000, 0x000000074ab00000| Untracked 
| 158|0x000000074ac00000, 0x000000074ac00000, 0x000000074ad00000|  0%| F|  |TAMS 0x000000074ac00000, 0x000000074ac00000| Untracked 
| 159|0x000000074ad00000, 0x000000074ad00000, 0x000000074ae00000|  0%| F|  |TAMS 0x000000074ad00000, 0x000000074ad00000| Untracked 
| 160|0x000000074ae00000, 0x000000074ae00000, 0x000000074af00000|  0%| F|  |TAMS 0x000000074ae00000, 0x000000074ae00000| Untracked 
| 161|0x000000074af00000, 0x000000074af00000, 0x000000074b000000|  0%| F|  |TAMS 0x000000074af00000, 0x000000074af00000| Untracked 
| 162|0x000000074b000000, 0x000000074b000000, 0x000000074b100000|  0%| F|  |TAMS 0x000000074b000000, 0x000000074b000000| Untracked 
| 163|0x000000074b100000, 0x000000074b100000, 0x000000074b200000|  0%| F|  |TAMS 0x000000074b100000, 0x000000074b100000| Untracked 
| 164|0x000000074b200000, 0x000000074b200000, 0x000000074b300000|  0%| F|  |TAMS 0x000000074b200000, 0x000000074b200000| Untracked 
| 165|0x000000074b300000, 0x000000074b300000, 0x000000074b400000|  0%| F|  |TAMS 0x000000074b300000, 0x000000074b300000| Untracked 
| 166|0x000000074b400000, 0x000000074b400000, 0x000000074b500000|  0%| F|  |TAMS 0x000000074b400000, 0x000000074b400000| Untracked 
| 167|0x000000074b500000, 0x000000074b500000, 0x000000074b600000|  0%| F|  |TAMS 0x000000074b500000, 0x000000074b500000| Untracked 
| 168|0x000000074b600000, 0x000000074b600000, 0x000000074b700000|  0%| F|  |TAMS 0x000000074b600000, 0x000000074b600000| Untracked 
| 169|0x000000074b700000, 0x000000074b700000, 0x000000074b800000|  0%| F|  |TAMS 0x000000074b700000, 0x000000074b700000| Untracked 
| 170|0x000000074b800000, 0x000000074b800000, 0x000000074b900000|  0%| F|  |TAMS 0x000000074b800000, 0x000000074b800000| Untracked 
| 171|0x000000074b900000, 0x000000074b900000, 0x000000074ba00000|  0%| F|  |TAMS 0x000000074b900000, 0x000000074b900000| Untracked 
| 172|0x000000074ba00000, 0x000000074ba00000, 0x000000074bb00000|  0%| F|  |TAMS 0x000000074ba00000, 0x000000074ba00000| Untracked 
| 173|0x000000074bb00000, 0x000000074bb00000, 0x000000074bc00000|  0%| F|  |TAMS 0x000000074bb00000, 0x000000074bb00000| Untracked 
| 174|0x000000074bc00000, 0x000000074bc00000, 0x000000074bd00000|  0%| F|  |TAMS 0x000000074bc00000, 0x000000074bc00000| Untracked 
| 175|0x000000074bd00000, 0x000000074bd00000, 0x000000074be00000|  0%| F|  |TAMS 0x000000074bd00000, 0x000000074bd00000| Untracked 
| 176|0x000000074be00000, 0x000000074be00000, 0x000000074bf00000|  0%| F|  |TAMS 0x000000074be00000, 0x000000074be00000| Untracked 
| 177|0x000000074bf00000, 0x000000074bf00000, 0x000000074c000000|  0%| F|  |TAMS 0x000000074bf00000, 0x000000074bf00000| Untracked 
| 178|0x000000074c000000, 0x000000074c000000, 0x000000074c100000|  0%| F|  |TAMS 0x000000074c000000, 0x000000074c000000| Untracked 
| 179|0x000000074c100000, 0x000000074c100000, 0x000000074c200000|  0%| F|  |TAMS 0x000000074c100000, 0x000000074c100000| Untracked 
| 180|0x000000074c200000, 0x000000074c200000, 0x000000074c300000|  0%| F|  |TAMS 0x000000074c200000, 0x000000074c200000| Untracked 
| 181|0x000000074c300000, 0x000000074c300000, 0x000000074c400000|  0%| F|  |TAMS 0x000000074c300000, 0x000000074c300000| Untracked 
| 182|0x000000074c400000, 0x000000074c400000, 0x000000074c500000|  0%| F|  |TAMS 0x000000074c400000, 0x000000074c400000| Untracked 
| 183|0x000000074c500000, 0x000000074c500000, 0x000000074c600000|  0%| F|  |TAMS 0x000000074c500000, 0x000000074c500000| Untracked 
| 184|0x000000074c600000, 0x000000074c600000, 0x000000074c700000|  0%| F|  |TAMS 0x000000074c600000, 0x000000074c600000| Untracked 
| 185|0x000000074c700000, 0x000000074c700000, 0x000000074c800000|  0%| F|  |TAMS 0x000000074c700000, 0x000000074c700000| Untracked 
| 186|0x000000074c800000, 0x000000074c800000, 0x000000074c900000|  0%| F|  |TAMS 0x000000074c800000, 0x000000074c800000| Untracked 
| 187|0x000000074c900000, 0x000000074c900000, 0x000000074ca00000|  0%| F|  |TAMS 0x000000074c900000, 0x000000074c900000| Untracked 
| 188|0x000000074ca00000, 0x000000074ca00000, 0x000000074cb00000|  0%| F|  |TAMS 0x000000074ca00000, 0x000000074ca00000| Untracked 
| 189|0x000000074cb00000, 0x000000074cb00000, 0x000000074cc00000|  0%| F|  |TAMS 0x000000074cb00000, 0x000000074cb00000| Untracked 
| 190|0x000000074cc00000, 0x000000074cc00000, 0x000000074cd00000|  0%| F|  |TAMS 0x000000074cc00000, 0x000000074cc00000| Untracked 
| 191|0x000000074cd00000, 0x000000074cd00000, 0x000000074ce00000|  0%| F|  |TAMS 0x000000074cd00000, 0x000000074cd00000| Untracked 

Card table byte_map: [0x000001d91fe10000,0x000001d920410000] _byte_map_base: 0x000001d91c409000

Marking Bits (Prev, Next): (CMBitMap*) 0x000001d9079364f0, (CMBitMap*) 0x000001d9079364b8
 Prev Bits: [0x000001d9239e0000, 0x000001d9269a8000)
 Next Bits: [0x000001d920a10000, 0x000001d9239d8000)

Polling page: 0x000001d90fd70000

Metaspace:

Usage:
  Non-class:     30.82 MB capacity,    30.29 MB ( 98%) used,   483.49 KB (  2%) free+waste,    57.81 KB ( <1%) overhead. 
      Class:      3.77 MB capacity,     3.48 MB ( 92%) used,   272.20 KB (  7%) free+waste,    23.19 KB ( <1%) overhead. 
       Both:     34.59 MB capacity,    33.77 MB ( 98%) used,   755.70 KB (  2%) free+waste,    81.00 KB ( <1%) overhead. 

Virtual space:
  Non-class space:       32.00 MB reserved,      30.92 MB ( 97%) committed 
      Class space:        1.00 GB reserved,       3.88 MB ( <1%) committed 
             Both:        1.03 GB reserved,      34.80 MB (  3%) committed 

Chunk freelists:
   Non-Class:  4.88 KB
       Class:  1.38 KB
        Both:  6.25 KB

CodeHeap 'non-profiled nmethods': size=120000Kb used=2737Kb max_used=2737Kb free=117262Kb
 bounds [0x000001d917860000, 0x000001d917b10000, 0x000001d91ed90000]
CodeHeap 'profiled nmethods': size=120000Kb used=14906Kb max_used=14906Kb free=105093Kb
 bounds [0x000001d910330000, 0x000001d9111d0000, 0x000001d917860000]
CodeHeap 'non-nmethods': size=5760Kb used=1162Kb max_used=1201Kb free=4597Kb
 bounds [0x000001d90fd90000, 0x000001d910000000, 0x000001d910330000]
 total_blobs=6576 nmethods=6091 adapters=396
 compilation: enabled
              stopped_count=0, restarted_count=0
 full_count=0

Compilation events (10 events):
Event: 8.647 Thread 0x000001d929d4d800 6516       3       java.lang.Class::searchMethods (104 bytes)
Event: 8.648 Thread 0x000001d929d4d800 nmethod 6516 0x000001d9111c0790 code [0x000001d9111c0a00, 0x000001d9111c14e0]
Event: 8.648 Thread 0x000001d929d4d800 6517       2       java.util.StringJoiner::toString (181 bytes)
Event: 8.649 Thread 0x000001d929d4d800 nmethod 6517 0x000001d9111c1910 code [0x000001d9111c1b40, 0x000001d9111c2270]
Event: 8.649 Thread 0x000001d929d4d800 6518       2       java.lang.Class::methodToString (98 bytes)
Event: 8.649 Thread 0x000001d929d4d800 nmethod 6518 0x000001d9111c2810 code [0x000001d9111c2a60, 0x000001d9111c30a0]
Event: 8.649 Thread 0x000001d929d4d800 6519       2       java.lang.NoSuchMethodException::<init> (6 bytes)
Event: 8.649 Thread 0x000001d929d4d800 nmethod 6519 0x000001d9111c3410 code [0x000001d9111c35c0, 0x000001d9111c3730]
Event: 8.650 Thread 0x000001d929d4d800 6521       2       com.sun.tools.javac.util.Context::get (10 bytes)
Event: 8.651 Thread 0x000001d929d4d800 nmethod 6521 0x000001d9111c3810 code [0x000001d9111c39c0, 0x000001d9111c3b60]

GC Heap History (10 events):
Event: 3.103 GC heap after
{Heap after GC invocations=4 (full 0):
 garbage-first heap   total 196608K, used 12004K [0x0000000740e00000, 0x0000000800000000)
  region size 1024K, 3 young (3072K), 3 survivors (3072K)
 Metaspace       used 21151K, capacity 21445K, committed 21808K, reserved 1069056K
  class space    used 2212K, capacity 2320K, committed 2432K, reserved 1048576K
}
Event: 3.720 GC heap before
{Heap before GC invocations=4 (full 0):
 garbage-first heap   total 196608K, used 51940K [0x0000000740e00000, 0x0000000800000000)
  region size 1024K, 42 young (43008K), 3 survivors (3072K)
 Metaspace       used 21758K, capacity 22070K, committed 22320K, reserved 1069056K
  class space    used 2232K, capacity 2357K, committed 2432K, reserved 1048576K
}
Event: 3.724 GC heap after
{Heap after GC invocations=5 (full 0):
 garbage-first heap   total 196608K, used 13512K [0x0000000740e00000, 0x0000000800000000)
  region size 1024K, 5 young (5120K), 5 survivors (5120K)
 Metaspace       used 21758K, capacity 22070K, committed 22320K, reserved 1069056K
  class space    used 2232K, capacity 2357K, committed 2432K, reserved 1048576K
}
Event: 4.894 GC heap before
{Heap before GC invocations=5 (full 0):
 garbage-first heap   total 196608K, used 71880K [0x0000000740e00000, 0x0000000800000000)
  region size 1024K, 62 young (63488K), 5 survivors (5120K)
 Metaspace       used 22904K, capacity 23375K, committed 23472K, reserved 1071104K
  class space    used 2343K, capacity 2535K, committed 2560K, reserved 1048576K
}
Event: 4.899 GC heap after
{Heap after GC invocations=6 (full 0):
 garbage-first heap   total 196608K, used 15328K [0x0000000740e00000, 0x0000000800000000)
  region size 1024K, 6 young (6144K), 6 survivors (6144K)
 Metaspace       used 22904K, capacity 23375K, committed 23472K, reserved 1071104K
  class space    used 2343K, capacity 2535K, committed 2560K, reserved 1048576K
}
Event: 7.040 GC heap before
{Heap before GC invocations=6 (full 0):
 garbage-first heap   total 196608K, used 90080K [0x0000000740e00000, 0x0000000800000000)
  region size 1024K, 80 young (81920K), 6 survivors (6144K)
 Metaspace       used 31414K, capacity 32069K, committed 32176K, reserved 1077248K
  class space    used 3292K, capacity 3543K, committed 3584K, reserved 1048576K
}
Event: 7.057 GC heap after
{Heap after GC invocations=7 (full 0):
 garbage-first heap   total 196608K, used 25463K [0x0000000740e00000, 0x0000000800000000)
  region size 1024K, 10 young (10240K), 10 survivors (10240K)
 Metaspace       used 31414K, capacity 32069K, committed 32176K, reserved 1077248K
  class space    used 3292K, capacity 3543K, committed 3584K, reserved 1048576K
}
Event: 8.012 GC heap before
{Heap before GC invocations=7 (full 0):
 garbage-first heap   total 196608K, used 95095K [0x0000000740e00000, 0x0000000800000000)
  region size 1024K, 78 young (79872K), 10 survivors (10240K)
 Metaspace       used 32434K, capacity 33130K, committed 33328K, reserved 1079296K
  class space    used 3352K, capacity 3615K, committed 3712K, reserved 1048576K
}
Event: 8.036 GC heap after
{Heap after GC invocations=8 (full 0):
 garbage-first heap   total 196608K, used 41549K [0x0000000740e00000, 0x0000000800000000)
  region size 1024K, 10 young (10240K), 10 survivors (10240K)
 Metaspace       used 32434K, capacity 33130K, committed 33328K, reserved 1079296K
  class space    used 3352K, capacity 3615K, committed 3712K, reserved 1048576K
}
Event: 8.653 GC heap before
{Heap before GC invocations=8 (full 0):
 garbage-first heap   total 196608K, used 121421K [0x0000000740e00000, 0x0000000800000000)
  region size 1024K, 87 young (89088K), 10 survivors (10240K)
 Metaspace       used 34585K, capacity 35422K, committed 35632K, reserved 1081344K
  class space    used 3565K, capacity 3861K, committed 3968K, reserved 1048576K
}

Deoptimization events (10 events):
Event: 8.080 Thread 0x000001d9078e5800 Uncommon trap: reason=unstable_if action=reinterpret pc=0x000001d917ae0c1c method=com.sun.tools.javac.jvm.ClassReader.readPool(I)Ljava/lang/Object; @ 36 c2
Event: 8.344 Thread 0x000001d9078e5800 Uncommon trap: reason=unstable_if action=reinterpret pc=0x000001d917a4a190 method=java.util.StringTokenizer.setMaxDelimCodePoint()V @ 71 c2
Event: 8.344 Thread 0x000001d9078e5800 Uncommon trap: reason=unloaded action=reinterpret pc=0x000001d91789e1a8 method=jdk.internal.loader.URLClassPath$JarLoader.ensureOpen()V @ 26 c2
Event: 8.356 Thread 0x000001d9078e5800 Uncommon trap: reason=unstable_if action=reinterpret pc=0x000001d917ad6418 method=sun.nio.fs.WindowsPath.compareTo(Ljava/nio/file/Path;)I @ 76 c2
Event: 8.370 Thread 0x000001d9078e5800 Uncommon trap: reason=unstable_if action=reinterpret pc=0x000001d91797ac2c method=java.util.HashMap.hash(Ljava/lang/Object;)I @ 1 c2
Event: 8.373 Thread 0x000001d9078e5800 Uncommon trap: reason=unstable_if action=reinterpret pc=0x000001d917972454 method=java.util.HashMap.hash(Ljava/lang/Object;)I @ 1 c2
Event: 8.597 Thread 0x000001d9078e5800 Uncommon trap: reason=class_check action=maybe_recompile pc=0x000001d9179f6768 method=java.util.Collections$UnmodifiableMap$UnmodifiableEntrySet$1.next()Ljava/util/Map$Entry; @ 8 c2
Event: 8.597 Thread 0x000001d9078e5800 Uncommon trap: reason=class_check action=maybe_recompile pc=0x000001d9179f6768 method=java.util.Collections$UnmodifiableMap$UnmodifiableEntrySet$1.next()Ljava/util/Map$Entry; @ 8 c2
Event: 8.597 Thread 0x000001d9078e5800 Uncommon trap: reason=class_check action=maybe_recompile pc=0x000001d9179f6768 method=java.util.Collections$UnmodifiableMap$UnmodifiableEntrySet$1.next()Ljava/util/Map$Entry; @ 8 c2
Event: 8.597 Thread 0x000001d9078e5800 Uncommon trap: reason=class_check action=maybe_recompile pc=0x000001d9179f6768 method=java.util.Collections$UnmodifiableMap$UnmodifiableEntrySet$1.next()Ljava/util/Map$Entry; @ 8 c2

Classes redefined (0 events):
No events

Internal exceptions (10 events):
Event: 8.281 Thread 0x000001d9078e5800 Exception <a 'sun/nio/fs/WindowsException'{0x000000074afab2b0}> (0x000000074afab2b0) thrown at [./open/src/hotspot/share/prims/jni.cpp, line 611]
Event: 8.281 Thread 0x000001d9078e5800 Exception <a 'sun/nio/fs/WindowsException'{0x000000074afab5b0}> (0x000000074afab5b0) thrown at [./open/src/hotspot/share/prims/jni.cpp, line 611]
Event: 8.281 Thread 0x000001d9078e5800 Exception <a 'sun/nio/fs/WindowsException'{0x000000074afac550}> (0x000000074afac550) thrown at [./open/src/hotspot/share/prims/jni.cpp, line 611]
Event: 8.281 Thread 0x000001d9078e5800 Exception <a 'sun/nio/fs/WindowsException'{0x000000074afac8d8}> (0x000000074afac8d8) thrown at [./open/src/hotspot/share/prims/jni.cpp, line 611]
Event: 8.344 Thread 0x000001d9078e5800 Exception <a 'java/security/PrivilegedActionException'{0x000000074aa9d620}> (0x000000074aa9d620) thrown at [./open/src/hotspot/share/prims/jvm.cpp, line 1296]
Event: 8.344 Thread 0x000001d9078e5800 Exception <a 'java/security/PrivilegedActionException'{0x000000074aa9de40}> (0x000000074aa9de40) thrown at [./open/src/hotspot/share/prims/jvm.cpp, line 1296]
Event: 8.345 Thread 0x000001d9078e5800 Exception <a 'java/security/PrivilegedActionException'{0x000000074aa9f438}> (0x000000074aa9f438) thrown at [./open/src/hotspot/share/prims/jvm.cpp, line 1296]
Event: 8.345 Thread 0x000001d9078e5800 Exception <a 'java/security/PrivilegedActionException'{0x000000074aa9fc58}> (0x000000074aa9fc58) thrown at [./open/src/hotspot/share/prims/jvm.cpp, line 1296]
Event: 8.370 Thread 0x000001d9078e5800 Implicit null exception at 0x000001d91797a833 to 0x000001d91797ac16
Event: 8.373 Thread 0x000001d9078e5800 Implicit null exception at 0x000001d917972255 to 0x000001d917972442

Events (10 events):
Event: 8.646 Thread 0x000001d9078e5800 DEOPT UNPACKING pc=0x000001d90fdb904e sp=0x000000639fcfb610 mode 0
Event: 8.646 Thread 0x000001d9078e5800 DEOPT PACKING pc=0x000001d9111abfc3 sp=0x000000639fcfaea0
Event: 8.646 Thread 0x000001d9078e5800 DEOPT UNPACKING pc=0x000001d90fdb904e sp=0x000000639fcfa358 mode 0
Event: 8.649 Thread 0x000001d9078e5800 DEOPT PACKING pc=0x000001d9111abfc3 sp=0x000000639fcfbab0
Event: 8.649 Thread 0x000001d9078e5800 DEOPT UNPACKING pc=0x000001d90fdb904e sp=0x000000639fcfaf68 mode 0
Event: 8.651 Thread 0x000001d9078e5800 DEOPT PACKING pc=0x000001d9111abfc3 sp=0x000000639fcfad40
Event: 8.651 Thread 0x000001d9078e5800 DEOPT UNPACKING pc=0x000001d90fdb904e sp=0x000000639fcfa1f8 mode 0
Event: 8.652 Thread 0x000001d9078e5800 DEOPT PACKING pc=0x000001d9111abfc3 sp=0x000000639fcfcca0
Event: 8.652 Thread 0x000001d9078e5800 DEOPT UNPACKING pc=0x000001d90fdb904e sp=0x000000639fcfc158 mode 0
Event: 8.653 Executing VM operation: G1CollectForAllocation


Dynamic libraries:
0x00007ff7f10f0000 - 0x00007ff7f10ff000 	C:\Program Files\Java\jdk-11.0.9\bin\javaw.exe
0x00007ffd1f1d0000 - 0x00007ffd1f3c6000 	C:\WINDOWS\SYSTEM32\ntdll.dll
0x00007ffd1f0a0000 - 0x00007ffd1f15d000 	C:\WINDOWS\System32\KERNEL32.DLL
0x00007ffd1cf30000 - 0x00007ffd1d1f9000 	C:\WINDOWS\System32\KERNELBASE.dll
0x00007ffd1c9b0000 - 0x00007ffd1cab0000 	C:\WINDOWS\System32\ucrtbase.dll
0x00007ffd06b40000 - 0x00007ffd06b58000 	C:\Program Files\Java\jdk-11.0.9\bin\jli.dll
0x00007ffd15010000 - 0x00007ffd15025000 	C:\Program Files\Java\jdk-11.0.9\bin\VCRUNTIME140.dll
0x00007ffd1ea50000 - 0x00007ffd1eafc000 	C:\WINDOWS\System32\ADVAPI32.dll
0x00007ffd1d3e0000 - 0x00007ffd1d47e000 	C:\WINDOWS\System32\msvcrt.dll
0x00007ffd1d340000 - 0x00007ffd1d3dc000 	C:\WINDOWS\System32\sechost.dll
0x00007ffd1d8f0000 - 0x00007ffd1da1b000 	C:\WINDOWS\System32\RPCRT4.dll
0x00007ffd1e6d0000 - 0x00007ffd1e870000 	C:\WINDOWS\System32\USER32.dll
0x00007ffd097d0000 - 0x00007ffd09a6b000 	C:\WINDOWS\WinSxS\amd64_microsoft.windows.common-controls_6595b64144ccf1df_6.0.19041.746_none_ca02b4b61b8320a4\COMCTL32.dll
0x00007ffd1c8e0000 - 0x00007ffd1c902000 	C:\WINDOWS\System32\win32u.dll
0x00007ffd1eb60000 - 0x00007ffd1eb8a000 	C:\WINDOWS\System32\GDI32.dll
0x00007ffd1cab0000 - 0x00007ffd1cbbb000 	C:\WINDOWS\System32\gdi32full.dll
0x00007ffd1c910000 - 0x00007ffd1c9ad000 	C:\WINDOWS\System32\msvcp_win.dll
0x00007ffd15190000 - 0x00007ffd1519a000 	C:\WINDOWS\SYSTEM32\VERSION.dll
0x00007ffd1ea20000 - 0x00007ffd1ea50000 	C:\WINDOWS\System32\IMM32.DLL
0x00007ffd01140000 - 0x00007ffd011db000 	C:\Program Files\Java\jdk-11.0.9\bin\msvcp140.dll
0x00007ffca6b70000 - 0x00007ffca7667000 	C:\Program Files\Java\jdk-11.0.9\bin\server\jvm.dll
0x00007ffd14ba0000 - 0x00007ffd14bc7000 	C:\WINDOWS\SYSTEM32\WINMM.dll
0x00007ffd1d620000 - 0x00007ffd1d628000 	C:\WINDOWS\System32\PSAPI.DLL
0x00007ffd19c50000 - 0x00007ffd19c59000 	C:\WINDOWS\SYSTEM32\WSOCK32.dll
0x00007ffd1d5b0000 - 0x00007ffd1d61b000 	C:\WINDOWS\System32\ws2_32.DLL
0x00007ffd1b210000 - 0x00007ffd1b222000 	C:\WINDOWS\SYSTEM32\kernel.appcore.dll
0x00007ffd18190000 - 0x00007ffd181a0000 	C:\Program Files\Java\jdk-11.0.9\bin\verify.dll
0x00007ffd1a4a0000 - 0x00007ffd1a684000 	C:\WINDOWS\SYSTEM32\DBGHELP.DLL
0x00007ffd09dd0000 - 0x00007ffd09dfc000 	C:\WINDOWS\SYSTEM32\dbgcore.DLL
0x00007ffd1ceb0000 - 0x00007ffd1cf30000 	C:\WINDOWS\System32\bcryptPrimitives.dll
0x00007ffd050e0000 - 0x00007ffd05108000 	C:\Program Files\Java\jdk-11.0.9\bin\java.dll
0x00007ffd15e80000 - 0x00007ffd15e8a000 	C:\Program Files\Java\jdk-11.0.9\bin\jimage.dll
0x00007ffd05420000 - 0x00007ffd05436000 	C:\Program Files\Java\jdk-11.0.9\bin\zip.dll
0x00007ffd1df80000 - 0x00007ffd1e6c3000 	C:\WINDOWS\System32\SHELL32.dll
0x00007ffd1a980000 - 0x00007ffd1b10f000 	C:\WINDOWS\SYSTEM32\windows.storage.dll
0x00007ffd1ed40000 - 0x00007ffd1f096000 	C:\WINDOWS\System32\combase.dll
0x00007ffd1c340000 - 0x00007ffd1c36c000 	C:\WINDOWS\SYSTEM32\Wldp.dll
0x00007ffd1d630000 - 0x00007ffd1d6de000 	C:\WINDOWS\System32\SHCORE.dll
0x00007ffd1de90000 - 0x00007ffd1dee5000 	C:\WINDOWS\System32\shlwapi.dll
0x00007ffd1c810000 - 0x00007ffd1c836000 	C:\WINDOWS\SYSTEM32\profapi.dll
0x00007ffd03f10000 - 0x00007ffd03f29000 	C:\Program Files\Java\jdk-11.0.9\bin\net.dll
0x00007ffd15a30000 - 0x00007ffd15b30000 	C:\WINDOWS\SYSTEM32\WINHTTP.dll
0x00007ffd1c0c0000 - 0x00007ffd1c12a000 	C:\WINDOWS\system32\mswsock.dll
0x00007ffd01120000 - 0x00007ffd01132000 	C:\Program Files\Java\jdk-11.0.9\bin\nio.dll
0x00007ffd1c2a0000 - 0x00007ffd1c2b8000 	C:\WINDOWS\SYSTEM32\CRYPTSP.dll
0x00007ffd1b9f0000 - 0x00007ffd1ba24000 	C:\WINDOWS\system32\rsaenh.dll
0x00007ffd1cd20000 - 0x00007ffd1cd47000 	C:\WINDOWS\System32\bcrypt.dll
0x00007ffd1c790000 - 0x00007ffd1c7be000 	C:\WINDOWS\SYSTEM32\USERENV.dll
0x00007ffd1c290000 - 0x00007ffd1c29c000 	C:\WINDOWS\SYSTEM32\CRYPTBASE.dll
0x00007ffd1bd60000 - 0x00007ffd1bd9b000 	C:\WINDOWS\SYSTEM32\IPHLPAPI.DLL
0x00007ffd1d330000 - 0x00007ffd1d338000 	C:\WINDOWS\System32\NSI.dll
0x00007ffd16540000 - 0x00007ffd16557000 	C:\WINDOWS\SYSTEM32\dhcpcsvc6.DLL
0x00007ffd16520000 - 0x00007ffd1653d000 	C:\WINDOWS\SYSTEM32\dhcpcsvc.DLL
0x00007ffd1bdb0000 - 0x00007ffd1be7b000 	C:\WINDOWS\SYSTEM32\DNSAPI.dll
0x00007ffd17fc0000 - 0x00007ffd17fca000 	C:\Users\vanlo\AppData\Local\Temp\jansi-1.17.1-18226561615572264719.dll
0x00007ffd16100000 - 0x00007ffd1610a000 	C:\Users\vanlo\AppData\Local\Temp\jansi-1.17.1-2045159968406995817.dll

dbghelp: loaded successfully - version: 4.0.5 - missing functions: none
symbol engine: initialized successfully - sym options: 0x614 - pdb path: .;C:\Program Files\Java\jdk-11.0.9\bin;C:\WINDOWS\SYSTEM32;C:\WINDOWS\WinSxS\amd64_microsoft.windows.common-controls_6595b64144ccf1df_6.0.19041.746_none_ca02b4b61b8320a4;C:\Program Files\Java\jdk-11.0.9\bin\server;C:\Users\vanlo\AppData\Local\Temp

VM Arguments:
jvm_args: -Dmaven.home=EMBEDDED -Dclassworlds.conf=D:\Working\Sources\phoenixrs\.metadata\.plugins\org.eclipse.m2e.launching\launches\m2conf7664235437942481643.tmp -Dmaven.multiModuleProjectDirectory=D:\Working\Sources\phoenixrs\api -Dfile.encoding=Cp1252 
java_command: org.codehaus.plexus.classworlds.launcher.Launcher -B -U -Dmaven.test.skip=true -DskipTests clean install -Ptest
java_class_path (initial): C:\Users\vanlo\.p2\pool\plugins\org.eclipse.m2e.maven.runtime_1.16.0.20200610-1735\jars\plexus-classworlds-2.6.0.jar
Launcher Type: SUN_STANDARD

[Global flags]
     intx CICompilerCount                          = 4                                         {product} {ergonomic}
     uint ConcGCThreads                            = 2                                         {product} {ergonomic}
     uint G1ConcRefinementThreads                  = 8                                         {product} {ergonomic}
   size_t G1HeapRegionSize                         = 1048576                                   {product} {ergonomic}
    uintx GCDrainStackTargetSize                   = 64                                        {product} {ergonomic}
   size_t InitialHeapSize                          = 201326592                                 {product} {ergonomic}
   size_t MarkStackSize                            = 4194304                                   {product} {ergonomic}
   size_t MaxHeapSize                              = 3206545408                                {product} {ergonomic}
   size_t MaxNewSize                               = 1923088384                                {product} {ergonomic}
   size_t MinHeapDeltaBytes                        = 1048576                                   {product} {ergonomic}
    uintx NonNMethodCodeHeapSize                   = 5836300                                {pd product} {ergonomic}
    uintx NonProfiledCodeHeapSize                  = 122910970                              {pd product} {ergonomic}
    uintx ProfiledCodeHeapSize                     = 122910970                              {pd product} {ergonomic}
    uintx ReservedCodeCacheSize                    = 251658240                              {pd product} {ergonomic}
     bool SegmentedCodeCache                       = true                                      {product} {ergonomic}
     bool UseCompressedClassPointers               = true                                 {lp64_product} {ergonomic}
     bool UseCompressedOops                        = true                                 {lp64_product} {ergonomic}
     bool UseG1GC                                  = true                                      {product} {ergonomic}
     bool UseLargePagesIndividualAllocation        = false                                  {pd product} {ergonomic}

Logging:
Log output configuration:
 #0: stdout all=warning uptime,level,tags
 #1: stderr all=off uptime,level,tags

Environment Variables:
PATH=C:\Program Files\Common Files\Oracle\Java\javapath;C:\Python38\Scripts\;C:\Python38\;C:\WINDOWS\system32;C:\WINDOWS;C:\WINDOWS\System32\Wbem;C:\WINDOWS\System32\WindowsPowerShell\v1.0\;C:\WINDOWS\System32\OpenSSH\;C:\ProgramData\chocolatey\bin;C:\Program Files\PuTTY\;C:\Program Files\Git\cmd;C:\Program Files\TortoiseGit\bin;C:\Program Files\nodejs\;C:\Users\vanlo\AppData\Local\Microsoft\WindowsApps;;C:\Users\vanlo\AppData\Local\Programs\Microsoft VS Code\bin;C:\Program Files\liquibase;C:\Users\vanlo\AppData\Roaming\npm
USERNAME=vanlo
OS=Windows_NT
PROCESSOR_IDENTIFIER=Intel64 Family 6 Model 60 Stepping 3, GenuineIntel



---------------  S Y S T E M  ---------------

OS: Windows 10 , 64 bit Build 19041 (10.0.19041.662)

CPU:total 8 (initial active 8) (4 cores per cpu, 2 threads per core) family 6 model 60 stepping 3, cmov, cx8, fxsr, mmx, sse, sse2, sse3, ssse3, sse4.1, sse4.2, popcnt, avx, avx2, aes, clmul, erms, lzcnt, ht, tsc, tscinvbit, bmi1, bmi2, fma

Memory: 4k page, system-wide physical 12226M (68M free)
TotalPageFile size 26342M (AvailPageFile size 113M)
current process WorkingSet (physical memory assigned to process): 280M, peak: 280M
current process commit charge ("private bytes"): 370M, peak: 562M

vm_info: Java HotSpot(TM) 64-Bit Server VM (11.0.9+7-LTS) for windows-amd64 JRE (11.0.9+7-LTS), built on Sep 15 2020 16:47:03 by "mach5one" with MS VC++ 15.9 (VS2017)

END.
